INCAR | 1559.983520, -2308.625976, 13.288073 | fangle: 89.280242 //rent

INCAR | 1559.649658, -2312.051513, 13.290987 | fangle: 88.979225 //rent

INCAR | 1559.895263, -2315.093750, 13.295288 | fangle: 88.975418 //rent

INCAR | 1559.831787, -2318.651367, 13.299736 | fangle: 88.978134 //rent

INCAR | 1559.775512, -2321.817138, 13.299659 | fangle: 88.978141 //rent

INCAR | 1559.716552, -2325.112304, 13.299577 | fangle: 88.978141 //rent

INCAR | 1559.662109, -2328.173583, 13.299593 | fangle: 88.978134 //rent

INCAR | 1559.596557, -2331.848632, 13.302390 | fangle: 88.981506 //rent

INCAR | 1559.541137, -2334.958251, 13.302382 | fangle: 88.981513 //rent

INCAR | 1559.481933, -2338.296386, 13.302385 | fangle: 88.981513 //rent

INCAR | 1556.186279, -2360.985595, 13.297766 | fangle: 358.359252 //rent

INCAR | 1552.826171, -2360.889892, 13.301762 | fangle: 358.361816 //rent

INCAR | 1549.641601, -2360.799316, 13.307273 | fangle: 358.366302 //rent

INCAR | 1546.239624, -2360.702880, 13.307170 | fangle: 358.366424 //rent

INCAR | 1543.302368, -2360.619628, 13.307261 | fangle: 358.366424 //rent

INCAR | 1539.604003, -2360.514892, 13.307375 | fangle: 358.366424 //rent

INCAR | 1536.478149, -2360.425781, 13.307369 | fangle: 358.366302 //rent

INCAR | 1533.087768, -2360.329589, 13.307369 | fangle: 358.366424 //rent

INCAR | 1529.799926, -2360.236083, 13.311924 | fangle: 358.362121 //rent

INCAR | 1526.803833, -2360.150878, 13.312040 | fangle: 358.362243 //rent

INCAR | 1521.401733, -2360.551757, 13.311631 | fangle: 358.362030 //rent

INCAR | 1518.537109, -2360.469970, 13.306272 | fangle: 358.362304 //rent

INCAR | 1515.666381, -2360.387939, 13.306495 | fangle: 358.362304 //rent

INCAR | 1512.290039, -2360.291503, 13.306496 | fangle: 358.362182 //rent

INCAR | 1509.185180, -2360.202880, 13.306575 | fangle: 358.362182 //rent

INCAR | 1505.551879, -2360.098876, 13.307069 | fangle: 358.362030 //rent

INCAR | 1502.437011, -2360.010253, 13.298942 | fangle: 358.362060 //rent

INCAR | 1499.082397, -2359.914306, 13.298940 | fangle: 358.361999 //rent

INCAR | 1495.610351, -2359.814453, 13.298935 | fangle: 358.362121 //rent

INCAR | 1492.496337, -2359.724853, 13.298949 | fangle: 358.362060 //rent

INCAR | 1559.832397, -2264.005615, 13.288528 | fangle: 87.996757 //rent

INCAR | 1559.946166, -2260.746582, 13.293164 | fangle: 87.994064 //rent

INCAR | 1560.057861, -2257.553955, 13.293158 | fangle: 87.994064 //rent

INCAR | 1560.172607, -2254.269531, 13.293223 | fangle: 87.994064 //rent

INCAR | 1560.291748, -2250.868896, 13.297741 | fangle: 87.996780 //rent

INCAR | 1560.393676, -2247.942626, 13.297823 | fangle: 87.996780 //rent

INCAR | 1560.517822, -2244.380615, 13.297853 | fangle: 87.996780 //rent

INCAR | 1560.627319, -2241.250244, 13.302349 | fangle: 88.000984 //rent

INCAR | 1559.922241, -2298.567626, 13.305958 | fangle: 89.684196 //rent

INCAR | 1559.902221, -2302.194335, 13.306717 | fangle: 89.681373 //rent

