[Prokopovic, 0]
Comment: No comment
Date: 4. July 2017
Time: 22:10:48
IP: 127.0.0.1
Ping: 0
gpci: E48949DEE88F9558ED9AEEEDCDCE489AF4E8D85E
Coordinates: 0.000000 0.000000 0.000000 0.000000 0 0
State: 0 0.000000 0.000000 0  
Speed: 0 0 0.000000 0.000000 0.000000
Armed weapon: 0 0
Color: 0x0
Money: 0 0
Score: 0
Skin: 0
Wanted level: 0
Drunk level: 0
Player time: 22:00
Keys: 0x16 0x0 0x0
Camera: 0.000000 0.000000 0.000000 0.000000 0.000000 0.000000
Special action: 0
Weapons: 0 0 0 0 0 0 0 0 0 0 0 0 0 0 0 0 0 0 0 0 0 0 0 0 0 0
Vehicle: None
Vehicle components: None

[Ghost_0, 1]
Comment: No comment
Date: 25. Septembre 2017
Time: 19:49:40
IP: 192.168.0.100
Ping: 1
gpci: 355A593448535549594B48545046504E37513330
Coordinates: 0.000000 0.000000 0.000000 0.000000 0 0
State: 0 0.000000 0.000000 0  
Speed: 0 0 0.000000 0.000000 0.000000
Armed weapon: 0 0
Color: 0xAFAFAF00
Money: 0 0
Score: 0
Skin: 0
Wanted level: 0
Drunk level: 0
Player time: 18:00
Keys: 0x12 0x0 0x0
Camera: 0.000000 0.000000 0.000000 0.000000 0.000000 0.000000
Special action: 0
Weapons: 0 0 0 0 0 0 0 0 0 0 0 0 0 0 0 0 0 0 0 0 0 0 0 0 0 0
Vehicle: None
Vehicle components: None

[Ghost_0, 1]
Comment: No comment
Date: 25. Septembre 2017
Time: 19:49:41
IP: 192.168.0.100
Ping: 1
gpci: 34595857514E4249424958345A4A37554246324C
Coordinates: 0.000000 0.000000 0.000000 0.000000 0 0
State: 0 0.000000 0.000000 0  
Speed: 0 0 0.000000 0.000000 0.000000
Armed weapon: 0 0
Color: 0xAFAFAF00
Money: 0 0
Score: 0
Skin: 0
Wanted level: 0
Drunk level: 0
Player time: 18:00
Keys: 0x12 0x0 0x0
Camera: 0.000000 0.000000 0.000000 0.000000 0.000000 0.000000
Special action: 0
Weapons: 0 0 0 0 0 0 0 0 0 0 0 0 0 0 0 0 0 0 0 0 0 0 0 0 0 0
Vehicle: None
Vehicle components: None

[Ghost_1, 2]
Comment: No comment
Date: 25. Septembre 2017
Time: 19:49:43
IP: 192.168.0.100
Ping: 2
gpci: 54534E5741584C37424C504D3442453630413445
Coordinates: 0.000000 0.000000 0.000000 0.000000 0 0
State: 0 0.000000 0.000000 0  
Speed: 0 0 0.000000 0.000000 0.000000
Armed weapon: 0 0
Color: 0xAFAFAF00
Money: 0 0
Score: 0
Skin: 0
Wanted level: 0
Drunk level: 0
Player time: 18:00
Keys: 0x12 0x0 0x0
Camera: 0.000000 0.000000 0.000000 0.000000 0.000000 0.000000
Special action: 0
Weapons: 0 0 0 0 0 0 0 0 0 0 0 0 0 0 0 0 0 0 0 0 0 0 0 0 0 0
Vehicle: None
Vehicle components: None

[Ghost_0, 1]
Comment: No comment
Date: 25. Septembre 2017
Time: 19:49:46
IP: 192.168.0.100
Ping: 1
gpci: 4558594555584C4B394E3041305759575A534F33
Coordinates: 0.000000 0.000000 0.000000 0.000000 0 0
State: 0 0.000000 0.000000 0  
Speed: 0 0 0.000000 0.000000 0.000000
Armed weapon: 0 0
Color: 0xAFAFAF00
Money: 0 0
Score: 0
Skin: 0
Wanted level: 0
Drunk level: 0
Player time: 18:00
Keys: 0x12 0x0 0x0
Camera: 0.000000 0.000000 0.000000 0.000000 0.000000 0.000000
Special action: 0
Weapons: 0 0 0 0 0 0 0 0 0 0 0 0 0 0 0 0 0 0 0 0 0 0 0 0 0 0
Vehicle: None
Vehicle components: None

[Ghost_1, 2]
Comment: No comment
Date: 25. Septembre 2017
Time: 19:49:48
IP: 192.168.0.100
Ping: 2
gpci: 51555848394256554F5539325455484857533658
Coordinates: 0.000000 0.000000 0.000000 0.000000 0 0
State: 0 0.000000 0.000000 0  
Speed: 0 0 0.000000 0.000000 0.000000
Armed weapon: 0 0
Color: 0xAFAFAF00
Money: 0 0
Score: 0
Skin: 0
Wanted level: 0
Drunk level: 0
Player time: 18:00
Keys: 0x12 0x0 0x0
Camera: 0.000000 0.000000 0.000000 0.000000 0.000000 0.000000
Special action: 0
Weapons: 0 0 0 0 0 0 0 0 0 0 0 0 0 0 0 0 0 0 0 0 0 0 0 0 0 0
Vehicle: None
Vehicle components: None

[Ghost_0, 1]
Comment: No comment
Date: 25. Septembre 2017
Time: 19:49:51
IP: 192.168.0.100
Ping: 1
gpci: 4136484F5A5A334D5A5351594C475941334E3758
Coordinates: 0.000000 0.000000 0.000000 0.000000 0 0
State: 0 0.000000 0.000000 0  
Speed: 0 0 0.000000 0.000000 0.000000
Armed weapon: 0 0
Color: 0xAFAFAF00
Money: 0 0
Score: 0
Skin: 0
Wanted level: 0
Drunk level: 0
Player time: 18:00
Keys: 0x12 0x0 0x0
Camera: 0.000000 0.000000 0.000000 0.000000 0.000000 0.000000
Special action: 0
Weapons: 0 0 0 0 0 0 0 0 0 0 0 0 0 0 0 0 0 0 0 0 0 0 0 0 0 0
Vehicle: None
Vehicle components: None

[Ghost_1, 2]
Comment: No comment
Date: 25. Septembre 2017
Time: 19:49:54
IP: 192.168.0.100
Ping: 2
gpci: 3548503254434559325958383042365A4D4E4348
Coordinates: 0.000000 0.000000 0.000000 0.000000 0 0
State: 0 0.000000 0.000000 0  
Speed: 0 0 0.000000 0.000000 0.000000
Armed weapon: 0 0
Color: 0xAFAFAF00
Money: 0 0
Score: 0
Skin: 0
Wanted level: 0
Drunk level: 0
Player time: 18:00
Keys: 0x12 0x0 0x0
Camera: 0.000000 0.000000 0.000000 0.000000 0.000000 0.000000
Special action: 0
Weapons: 0 0 0 0 0 0 0 0 0 0 0 0 0 0 0 0 0 0 0 0 0 0 0 0 0 0
Vehicle: None
Vehicle components: None

[Ghost_0, 1]
Comment: No comment
Date: 25. Septembre 2017
Time: 19:49:57
IP: 192.168.0.100
Ping: 1
gpci: 3245564B45344F394F4643343149484A55324F38
Coordinates: 0.000000 0.000000 0.000000 0.000000 0 0
State: 0 0.000000 0.000000 0  
Speed: 0 0 0.000000 0.000000 0.000000
Armed weapon: 0 0
Color: 0xAFAFAF00
Money: 0 0
Score: 0
Skin: 0
Wanted level: 0
Drunk level: 0
Player time: 18:00
Keys: 0x12 0x0 0x0
Camera: 0.000000 0.000000 0.000000 0.000000 0.000000 0.000000
Special action: 0
Weapons: 0 0 0 0 0 0 0 0 0 0 0 0 0 0 0 0 0 0 0 0 0 0 0 0 0 0
Vehicle: None
Vehicle components: None

[Ghost_1, 2]
Comment: No comment
Date: 25. Septembre 2017
Time: 19:50:00
IP: 192.168.0.100
Ping: 2
gpci: 4F4A4E3949545041484B5A523854564B41525753
Coordinates: 0.000000 0.000000 0.000000 0.000000 0 0
State: 0 0.000000 0.000000 0  
Speed: 0 0 0.000000 0.000000 0.000000
Armed weapon: 0 0
Color: 0xAFAFAF00
Money: 0 0
Score: 0
Skin: 0
Wanted level: 0
Drunk level: 0
Player time: 18:00
Keys: 0x12 0x0 0x0
Camera: 0.000000 0.000000 0.000000 0.000000 0.000000 0.000000
Special action: 0
Weapons: 0 0 0 0 0 0 0 0 0 0 0 0 0 0 0 0 0 0 0 0 0 0 0 0 0 0
Vehicle: None
Vehicle components: None

[Ghost_0, 1]
Comment: No comment
Date: 25. Septembre 2017
Time: 19:50:02
IP: 192.168.0.100
Ping: 1
gpci: 523158465633415A573055554F57324835513144
Coordinates: 0.000000 0.000000 0.000000 0.000000 0 0
State: 0 0.000000 0.000000 0  
Speed: 0 0 0.000000 0.000000 0.000000
Armed weapon: 0 0
Color: 0xAFAFAF00
Money: 0 0
Score: 0
Skin: 0
Wanted level: 0
Drunk level: 0
Player time: 18:00
Keys: 0x12 0x0 0x0
Camera: 0.000000 0.000000 0.000000 0.000000 0.000000 0.000000
Special action: 0
Weapons: 0 0 0 0 0 0 0 0 0 0 0 0 0 0 0 0 0 0 0 0 0 0 0 0 0 0
Vehicle: None
Vehicle components: None

[Ghost_1, 2]
Comment: No comment
Date: 25. Septembre 2017
Time: 19:50:05
IP: 192.168.0.100
Ping: 2
gpci: 514E4154325A46533452323638334F3241514254
Coordinates: 0.000000 0.000000 0.000000 0.000000 0 0
State: 0 0.000000 0.000000 0  
Speed: 0 0 0.000000 0.000000 0.000000
Armed weapon: 0 0
Color: 0xAFAFAF00
Money: 0 0
Score: 0
Skin: 0
Wanted level: 0
Drunk level: 0
Player time: 18:00
Keys: 0x12 0x0 0x0
Camera: 0.000000 0.000000 0.000000 0.000000 0.000000 0.000000
Special action: 0
Weapons: 0 0 0 0 0 0 0 0 0 0 0 0 0 0 0 0 0 0 0 0 0 0 0 0 0 0
Vehicle: None
Vehicle components: None

[Ghost_0, 1]
Comment: No comment
Date: 25. Septembre 2017
Time: 19:50:08
IP: 192.168.0.100
Ping: 1
gpci: 545551334442543053485A4B3851464435303958
Coordinates: 0.000000 0.000000 0.000000 0.000000 0 0
State: 0 0.000000 0.000000 0  
Speed: 0 0 0.000000 0.000000 0.000000
Armed weapon: 0 0
Color: 0xAFAFAF00
Money: 0 0
Score: 0
Skin: 0
Wanted level: 0
Drunk level: 0
Player time: 18:00
Keys: 0x12 0x0 0x0
Camera: 0.000000 0.000000 0.000000 0.000000 0.000000 0.000000
Special action: 0
Weapons: 0 0 0 0 0 0 0 0 0 0 0 0 0 0 0 0 0 0 0 0 0 0 0 0 0 0
Vehicle: None
Vehicle components: None

[Ghost_1, 2]
Comment: No comment
Date: 25. Septembre 2017
Time: 19:50:11
IP: 192.168.0.100
Ping: 2
gpci: 5150475958583438545548485739533035374550
Coordinates: 0.000000 0.000000 0.000000 0.000000 0 0
State: 0 0.000000 0.000000 0  
Speed: 0 0 0.000000 0.000000 0.000000
Armed weapon: 0 0
Color: 0xAFAFAF00
Money: 0 0
Score: 0
Skin: 0
Wanted level: 0
Drunk level: 0
Player time: 18:00
Keys: 0x12 0x0 0x0
Camera: 0.000000 0.000000 0.000000 0.000000 0.000000 0.000000
Special action: 0
Weapons: 0 0 0 0 0 0 0 0 0 0 0 0 0 0 0 0 0 0 0 0 0 0 0 0 0 0
Vehicle: None
Vehicle components: None

[Ghost_0, 1]
Comment: No comment
Date: 25. Septembre 2017
Time: 19:50:13
IP: 192.168.0.100
Ping: 1
gpci: 4139423337344A314444555044424C3451443841
Coordinates: 0.000000 0.000000 0.000000 0.000000 0 0
State: 0 0.000000 0.000000 0  
Speed: 0 0 0.000000 0.000000 0.000000
Armed weapon: 0 0
Color: 0xAFAFAF00
Money: 0 0
Score: 0
Skin: 0
Wanted level: 0
Drunk level: 0
Player time: 18:00
Keys: 0x12 0x0 0x0
Camera: 0.000000 0.000000 0.000000 0.000000 0.000000 0.000000
Special action: 0
Weapons: 0 0 0 0 0 0 0 0 0 0 0 0 0 0 0 0 0 0 0 0 0 0 0 0 0 0
Vehicle: None
Vehicle components: None

[Ghost_1, 2]
Comment: No comment
Date: 25. Septembre 2017
Time: 19:50:16
IP: 192.168.0.100
Ping: 2
gpci: 5737514E544A3931433857545430504155414434
Coordinates: 0.000000 0.000000 0.000000 0.000000 0 0
State: 0 0.000000 0.000000 0  
Speed: 0 0 0.000000 0.000000 0.000000
Armed weapon: 0 0
Color: 0xAFAFAF00
Money: 0 0
Score: 0
Skin: 0
Wanted level: 0
Drunk level: 0
Player time: 18:00
Keys: 0x12 0x0 0x0
Camera: 0.000000 0.000000 0.000000 0.000000 0.000000 0.000000
Special action: 0
Weapons: 0 0 0 0 0 0 0 0 0 0 0 0 0 0 0 0 0 0 0 0 0 0 0 0 0 0
Vehicle: None
Vehicle components: None

[Ghost_0, 1]
Comment: No comment
Date: 25. Septembre 2017
Time: 19:50:18
IP: 192.168.0.100
Ping: 1
gpci: 523244514B4E434639384951544C415841453845
Coordinates: 0.000000 0.000000 0.000000 0.000000 0 0
State: 0 0.000000 0.000000 0  
Speed: 0 0 0.000000 0.000000 0.000000
Armed weapon: 0 0
Color: 0xAFAFAF00
Money: 0 0
Score: 0
Skin: 0
Wanted level: 0
Drunk level: 0
Player time: 18:00
Keys: 0x12 0x0 0x0
Camera: 0.000000 0.000000 0.000000 0.000000 0.000000 0.000000
Special action: 0
Weapons: 0 0 0 0 0 0 0 0 0 0 0 0 0 0 0 0 0 0 0 0 0 0 0 0 0 0
Vehicle: None
Vehicle components: None

[Ghost_1, 2]
Comment: No comment
Date: 25. Septembre 2017
Time: 19:50:21
IP: 192.168.0.100
Ping: 2
gpci: 4550484D51435551305A50515A31553550455A34
Coordinates: 0.000000 0.000000 0.000000 0.000000 0 0
State: 0 0.000000 0.000000 0  
Speed: 0 0 0.000000 0.000000 0.000000
Armed weapon: 0 0
Color: 0xAFAFAF00
Money: 0 0
Score: 0
Skin: 0
Wanted level: 0
Drunk level: 0
Player time: 18:00
Keys: 0x12 0x0 0x0
Camera: 0.000000 0.000000 0.000000 0.000000 0.000000 0.000000
Special action: 0
Weapons: 0 0 0 0 0 0 0 0 0 0 0 0 0 0 0 0 0 0 0 0 0 0 0 0 0 0
Vehicle: None
Vehicle components: None

[Ghost_0, 1]
Comment: No comment
Date: 25. Septembre 2017
Time: 19:50:24
IP: 192.168.0.100
Ping: 1
gpci: 485645565A585647374B545837303948395A5759
Coordinates: 0.000000 0.000000 0.000000 0.000000 0 0
State: 0 0.000000 0.000000 0  
Speed: 0 0 0.000000 0.000000 0.000000
Armed weapon: 0 0
Color: 0xAFAFAF00
Money: 0 0
Score: 0
Skin: 0
Wanted level: 0
Drunk level: 0
Player time: 18:00
Keys: 0x12 0x0 0x0
Camera: 0.000000 0.000000 0.000000 0.000000 0.000000 0.000000
Special action: 0
Weapons: 0 0 0 0 0 0 0 0 0 0 0 0 0 0 0 0 0 0 0 0 0 0 0 0 0 0
Vehicle: None
Vehicle components: None

[Ghost_1, 2]
Comment: No comment
Date: 25. Septembre 2017
Time: 19:50:27
IP: 192.168.0.100
Ping: 2
gpci: 5A384C4545414A484A4B574E444D5745564F4231
Coordinates: 0.000000 0.000000 0.000000 0.000000 0 0
State: 0 0.000000 0.000000 0  
Speed: 0 0 0.000000 0.000000 0.000000
Armed weapon: 0 0
Color: 0xAFAFAF00
Money: 0 0
Score: 0
Skin: 0
Wanted level: 0
Drunk level: 0
Player time: 18:00
Keys: 0x12 0x0 0x0
Camera: 0.000000 0.000000 0.000000 0.000000 0.000000 0.000000
Special action: 0
Weapons: 0 0 0 0 0 0 0 0 0 0 0 0 0 0 0 0 0 0 0 0 0 0 0 0 0 0
Vehicle: None
Vehicle components: None

[Ghost_0, 1]
Comment: No comment
Date: 25. Septembre 2017
Time: 19:50:29
IP: 192.168.0.100
Ping: 1
gpci: 4A32594C4A57414F4E345346534941354D42304E
Coordinates: 0.000000 0.000000 0.000000 0.000000 0 0
State: 0 0.000000 0.000000 0  
Speed: 0 0 0.000000 0.000000 0.000000
Armed weapon: 0 0
Color: 0xAFAFAF00
Money: 0 0
Score: 0
Skin: 0
Wanted level: 0
Drunk level: 0
Player time: 18:00
Keys: 0x12 0x0 0x0
Camera: 0.000000 0.000000 0.000000 0.000000 0.000000 0.000000
Special action: 0
Weapons: 0 0 0 0 0 0 0 0 0 0 0 0 0 0 0 0 0 0 0 0 0 0 0 0 0 0
Vehicle: None
Vehicle components: None

[Ghost_1, 2]
Comment: No comment
Date: 25. Septembre 2017
Time: 19:50:32
IP: 192.168.0.100
Ping: 2
gpci: 594D39564C32585644573738514D463854443748
Coordinates: 0.000000 0.000000 0.000000 0.000000 0 0
State: 0 0.000000 0.000000 0  
Speed: 0 0 0.000000 0.000000 0.000000
Armed weapon: 0 0
Color: 0xAFAFAF00
Money: 0 0
Score: 0
Skin: 0
Wanted level: 0
Drunk level: 0
Player time: 18:00
Keys: 0x12 0x0 0x0
Camera: 0.000000 0.000000 0.000000 0.000000 0.000000 0.000000
Special action: 0
Weapons: 0 0 0 0 0 0 0 0 0 0 0 0 0 0 0 0 0 0 0 0 0 0 0 0 0 0
Vehicle: None
Vehicle components: None

[Ghost_0, 1]
Comment: No comment
Date: 25. Septembre 2017
Time: 19:50:35
IP: 192.168.0.100
Ping: 1
gpci: 514D5652334E4C53494B4B4A3837453543314D41
Coordinates: 0.000000 0.000000 0.000000 0.000000 0 0
State: 0 0.000000 0.000000 0  
Speed: 0 0 0.000000 0.000000 0.000000
Armed weapon: 0 0
Color: 0xAFAFAF00
Money: 0 0
Score: 0
Skin: 0
Wanted level: 0
Drunk level: 0
Player time: 18:00
Keys: 0x12 0x0 0x0
Camera: 0.000000 0.000000 0.000000 0.000000 0.000000 0.000000
Special action: 0
Weapons: 0 0 0 0 0 0 0 0 0 0 0 0 0 0 0 0 0 0 0 0 0 0 0 0 0 0
Vehicle: None
Vehicle components: None

[Ghost_1, 2]
Comment: No comment
Date: 25. Septembre 2017
Time: 19:50:38
IP: 192.168.0.100
Ping: 2
gpci: 55565A47504B5857484A31514F30584F314F3743
Coordinates: 0.000000 0.000000 0.000000 0.000000 0 0
State: 0 0.000000 0.000000 0  
Speed: 0 0 0.000000 0.000000 0.000000
Armed weapon: 0 0
Color: 0xAFAFAF00
Money: 0 0
Score: 0
Skin: 0
Wanted level: 0
Drunk level: 0
Player time: 18:00
Keys: 0x12 0x0 0x0
Camera: 0.000000 0.000000 0.000000 0.000000 0.000000 0.000000
Special action: 0
Weapons: 0 0 0 0 0 0 0 0 0 0 0 0 0 0 0 0 0 0 0 0 0 0 0 0 0 0
Vehicle: None
Vehicle components: None

[Ghost_0, 1]
Comment: No comment
Date: 25. Septembre 2017
Time: 19:50:40
IP: 192.168.0.100
Ping: 1
gpci: 56443057365855315846314C3851505739435454
Coordinates: 0.000000 0.000000 0.000000 0.000000 0 0
State: 0 0.000000 0.000000 0  
Speed: 0 0 0.000000 0.000000 0.000000
Armed weapon: 0 0
Color: 0xAFAFAF00
Money: 0 0
Score: 0
Skin: 0
Wanted level: 0
Drunk level: 0
Player time: 18:00
Keys: 0x12 0x0 0x0
Camera: 0.000000 0.000000 0.000000 0.000000 0.000000 0.000000
Special action: 0
Weapons: 0 0 0 0 0 0 0 0 0 0 0 0 0 0 0 0 0 0 0 0 0 0 0 0 0 0
Vehicle: None
Vehicle components: None

[Ghost_1, 2]
Comment: No comment
Date: 25. Septembre 2017
Time: 19:50:43
IP: 192.168.0.100
Ping: 2
gpci: 3734434254364B59554731355742465A42374E4F
Coordinates: 0.000000 0.000000 0.000000 0.000000 0 0
State: 0 0.000000 0.000000 0  
Speed: 0 0 0.000000 0.000000 0.000000
Armed weapon: 0 0
Color: 0xAFAFAF00
Money: 0 0
Score: 0
Skin: 0
Wanted level: 0
Drunk level: 0
Player time: 18:00
Keys: 0x12 0x0 0x0
Camera: 0.000000 0.000000 0.000000 0.000000 0.000000 0.000000
Special action: 0
Weapons: 0 0 0 0 0 0 0 0 0 0 0 0 0 0 0 0 0 0 0 0 0 0 0 0 0 0
Vehicle: None
Vehicle components: None

[Ghost_0, 1]
Comment: No comment
Date: 25. Septembre 2017
Time: 19:50:46
IP: 192.168.0.100
Ping: 1
gpci: 5556504633354845363244564941564C50514832
Coordinates: 0.000000 0.000000 0.000000 0.000000 0 0
State: 0 0.000000 0.000000 0  
Speed: 0 0 0.000000 0.000000 0.000000
Armed weapon: 0 0
Color: 0xAFAFAF00
Money: 0 0
Score: 0
Skin: 0
Wanted level: 0
Drunk level: 0
Player time: 18:00
Keys: 0x12 0x0 0x0
Camera: 0.000000 0.000000 0.000000 0.000000 0.000000 0.000000
Special action: 0
Weapons: 0 0 0 0 0 0 0 0 0 0 0 0 0 0 0 0 0 0 0 0 0 0 0 0 0 0
Vehicle: None
Vehicle components: None

[Ghost_1, 2]
Comment: No comment
Date: 25. Septembre 2017
Time: 19:50:49
IP: 192.168.0.100
Ping: 2
gpci: 4530354344394A4632455A5043514F4230315750
Coordinates: 0.000000 0.000000 0.000000 0.000000 0 0
State: 0 0.000000 0.000000 0  
Speed: 0 0 0.000000 0.000000 0.000000
Armed weapon: 0 0
Color: 0xAFAFAF00
Money: 0 0
Score: 0
Skin: 0
Wanted level: 0
Drunk level: 0
Player time: 18:00
Keys: 0x12 0x0 0x0
Camera: 0.000000 0.000000 0.000000 0.000000 0.000000 0.000000
Special action: 0
Weapons: 0 0 0 0 0 0 0 0 0 0 0 0 0 0 0 0 0 0 0 0 0 0 0 0 0 0
Vehicle: None
Vehicle components: None

[Ghost_0, 1]
Comment: No comment
Date: 25. Septembre 2017
Time: 19:50:51
IP: 192.168.0.100
Ping: 1
gpci: 3953574E545A4F5354414C5859504C4933534351
Coordinates: 0.000000 0.000000 0.000000 0.000000 0 0
State: 0 0.000000 0.000000 0  
Speed: 0 0 0.000000 0.000000 0.000000
Armed weapon: 0 0
Color: 0xAFAFAF00
Money: 0 0
Score: 0
Skin: 0
Wanted level: 0
Drunk level: 0
Player time: 18:00
Keys: 0x12 0x0 0x0
Camera: 0.000000 0.000000 0.000000 0.000000 0.000000 0.000000
Special action: 0
Weapons: 0 0 0 0 0 0 0 0 0 0 0 0 0 0 0 0 0 0 0 0 0 0 0 0 0 0
Vehicle: None
Vehicle components: None

[Ghost_1, 2]
Comment: No comment
Date: 25. Septembre 2017
Time: 19:50:54
IP: 192.168.0.100
Ping: 2
gpci: 5344524446474F4C4830314A4E4C54534C453954
Coordinates: 0.000000 0.000000 0.000000 0.000000 0 0
State: 0 0.000000 0.000000 0  
Speed: 0 0 0.000000 0.000000 0.000000
Armed weapon: 0 0
Color: 0xAFAFAF00
Money: 0 0
Score: 0
Skin: 0
Wanted level: 0
Drunk level: 0
Player time: 18:00
Keys: 0x12 0x0 0x0
Camera: 0.000000 0.000000 0.000000 0.000000 0.000000 0.000000
Special action: 0
Weapons: 0 0 0 0 0 0 0 0 0 0 0 0 0 0 0 0 0 0 0 0 0 0 0 0 0 0
Vehicle: None
Vehicle components: None

[Ghost_0, 1]
Comment: No comment
Date: 25. Septembre 2017
Time: 19:50:56
IP: 192.168.0.100
Ping: 1
gpci: 434C535236344A475655494D4E464F5A484A494E
Coordinates: 0.000000 0.000000 0.000000 0.000000 0 0
State: 0 0.000000 0.000000 0  
Speed: 0 0 0.000000 0.000000 0.000000
Armed weapon: 0 0
Color: 0xAFAFAF00
Money: 0 0
Score: 0
Skin: 0
Wanted level: 0
Drunk level: 0
Player time: 18:00
Keys: 0x12 0x0 0x0
Camera: 0.000000 0.000000 0.000000 0.000000 0.000000 0.000000
Special action: 0
Weapons: 0 0 0 0 0 0 0 0 0 0 0 0 0 0 0 0 0 0 0 0 0 0 0 0 0 0
Vehicle: None
Vehicle components: None

[Ghost_1, 2]
Comment: No comment
Date: 25. Septembre 2017
Time: 19:51:00
IP: 192.168.0.100
Ping: 2
gpci: 57494E5856385547553537524641324643344A38
Coordinates: 0.000000 0.000000 0.000000 0.000000 0 0
State: 0 0.000000 0.000000 0  
Speed: 0 0 0.000000 0.000000 0.000000
Armed weapon: 0 0
Color: 0xAFAFAF00
Money: 0 0
Score: 0
Skin: 0
Wanted level: 0
Drunk level: 0
Player time: 18:00
Keys: 0x12 0x0 0x0
Camera: 0.000000 0.000000 0.000000 0.000000 0.000000 0.000000
Special action: 0
Weapons: 0 0 0 0 0 0 0 0 0 0 0 0 0 0 0 0 0 0 0 0 0 0 0 0 0 0
Vehicle: None
Vehicle components: None

[Ghost_0, 1]
Comment: No comment
Date: 25. Septembre 2017
Time: 19:51:01
IP: 192.168.0.100
Ping: 1
gpci: 455535594E4854574C30504B4D36505230533856
Coordinates: 0.000000 0.000000 0.000000 0.000000 0 0
State: 0 0.000000 0.000000 0  
Speed: 0 0 0.000000 0.000000 0.000000
Armed weapon: 0 0
Color: 0xAFAFAF00
Money: 0 0
Score: 0
Skin: 0
Wanted level: 0
Drunk level: 0
Player time: 18:00
Keys: 0x12 0x0 0x0
Camera: 0.000000 0.000000 0.000000 0.000000 0.000000 0.000000
Special action: 0
Weapons: 0 0 0 0 0 0 0 0 0 0 0 0 0 0 0 0 0 0 0 0 0 0 0 0 0 0
Vehicle: None
Vehicle components: None

[Ghost_1, 2]
Comment: No comment
Date: 25. Septembre 2017
Time: 19:51:05
IP: 192.168.0.100
Ping: 2
gpci: 4E5A3835424C534633305231483339313432574B
Coordinates: 0.000000 0.000000 0.000000 0.000000 0 0
State: 0 0.000000 0.000000 0  
Speed: 0 0 0.000000 0.000000 0.000000
Armed weapon: 0 0
Color: 0xAFAFAF00
Money: 0 0
Score: 0
Skin: 0
Wanted level: 0
Drunk level: 0
Player time: 18:00
Keys: 0x12 0x0 0x0
Camera: 0.000000 0.000000 0.000000 0.000000 0.000000 0.000000
Special action: 0
Weapons: 0 0 0 0 0 0 0 0 0 0 0 0 0 0 0 0 0 0 0 0 0 0 0 0 0 0
Vehicle: None
Vehicle components: None

[Ghost_0, 1]
Comment: No comment
Date: 25. Septembre 2017
Time: 19:51:06
IP: 192.168.0.100
Ping: 1
gpci: 59365452414F535630425A365449505853474642
Coordinates: 0.000000 0.000000 0.000000 0.000000 0 0
State: 0 0.000000 0.000000 0  
Speed: 0 0 0.000000 0.000000 0.000000
Armed weapon: 0 0
Color: 0xAFAFAF00
Money: 0 0
Score: 0
Skin: 0
Wanted level: 0
Drunk level: 0
Player time: 18:00
Keys: 0x12 0x0 0x0
Camera: 0.000000 0.000000 0.000000 0.000000 0.000000 0.000000
Special action: 0
Weapons: 0 0 0 0 0 0 0 0 0 0 0 0 0 0 0 0 0 0 0 0 0 0 0 0 0 0
Vehicle: None
Vehicle components: None

[Ghost_1, 2]
Comment: No comment
Date: 25. Septembre 2017
Time: 19:51:11
IP: 192.168.0.100
Ping: 2
gpci: 513256314635445338423045424C454B4F474551
Coordinates: 0.000000 0.000000 0.000000 0.000000 0 0
State: 0 0.000000 0.000000 0  
Speed: 0 0 0.000000 0.000000 0.000000
Armed weapon: 0 0
Color: 0xAFAFAF00
Money: 0 0
Score: 0
Skin: 0
Wanted level: 0
Drunk level: 0
Player time: 18:00
Keys: 0x12 0x0 0x0
Camera: 0.000000 0.000000 0.000000 0.000000 0.000000 0.000000
Special action: 0
Weapons: 0 0 0 0 0 0 0 0 0 0 0 0 0 0 0 0 0 0 0 0 0 0 0 0 0 0
Vehicle: None
Vehicle components: None

[Ghost_0, 1]
Comment: No comment
Date: 25. Septembre 2017
Time: 19:51:12
IP: 192.168.0.100
Ping: 1
gpci: 593437583547434859494353574D594E5246454C
Coordinates: 0.000000 0.000000 0.000000 0.000000 0 0
State: 0 0.000000 0.000000 0  
Speed: 0 0 0.000000 0.000000 0.000000
Armed weapon: 0 0
Color: 0xAFAFAF00
Money: 0 0
Score: 0
Skin: 0
Wanted level: 0
Drunk level: 0
Player time: 18:00
Keys: 0x12 0x0 0x0
Camera: 0.000000 0.000000 0.000000 0.000000 0.000000 0.000000
Special action: 0
Weapons: 0 0 0 0 0 0 0 0 0 0 0 0 0 0 0 0 0 0 0 0 0 0 0 0 0 0
Vehicle: None
Vehicle components: None

[Ghost_1, 2]
Comment: No comment
Date: 25. Septembre 2017
Time: 19:51:16
IP: 192.168.0.100
Ping: 2
gpci: 595541594C4C574F34514C4956324E3034303531
Coordinates: 0.000000 0.000000 0.000000 0.000000 0 0
State: 0 0.000000 0.000000 0  
Speed: 0 0 0.000000 0.000000 0.000000
Armed weapon: 0 0
Color: 0xAFAFAF00
Money: 0 0
Score: 0
Skin: 0
Wanted level: 0
Drunk level: 0
Player time: 18:00
Keys: 0x12 0x0 0x0
Camera: 0.000000 0.000000 0.000000 0.000000 0.000000 0.000000
Special action: 0
Weapons: 0 0 0 0 0 0 0 0 0 0 0 0 0 0 0 0 0 0 0 0 0 0 0 0 0 0
Vehicle: None
Vehicle components: None

[Ghost_0, 1]
Comment: No comment
Date: 25. Septembre 2017
Time: 19:51:17
IP: 192.168.0.100
Ping: 1
gpci: 3641325A35304E344648595844304D39324F3242
Coordinates: 0.000000 0.000000 0.000000 0.000000 0 0
State: 0 0.000000 0.000000 0  
Speed: 0 0 0.000000 0.000000 0.000000
Armed weapon: 0 0
Color: 0xAFAFAF00
Money: 0 0
Score: 0
Skin: 0
Wanted level: 0
Drunk level: 0
Player time: 18:00
Keys: 0x12 0x0 0x0
Camera: 0.000000 0.000000 0.000000 0.000000 0.000000 0.000000
Special action: 0
Weapons: 0 0 0 0 0 0 0 0 0 0 0 0 0 0 0 0 0 0 0 0 0 0 0 0 0 0
Vehicle: None
Vehicle components: None

[Ghost_1, 2]
Comment: No comment
Date: 25. Septembre 2017
Time: 19:51:22
IP: 192.168.0.100
Ping: 2
gpci: 304256464C503838583532394559543258364750
Coordinates: 0.000000 0.000000 0.000000 0.000000 0 0
State: 0 0.000000 0.000000 0  
Speed: 0 0 0.000000 0.000000 0.000000
Armed weapon: 0 0
Color: 0xAFAFAF00
Money: 0 0
Score: 0
Skin: 0
Wanted level: 0
Drunk level: 0
Player time: 18:00
Keys: 0x12 0x0 0x0
Camera: 0.000000 0.000000 0.000000 0.000000 0.000000 0.000000
Special action: 0
Weapons: 0 0 0 0 0 0 0 0 0 0 0 0 0 0 0 0 0 0 0 0 0 0 0 0 0 0
Vehicle: None
Vehicle components: None

[Ghost_0, 1]
Comment: No comment
Date: 25. Septembre 2017
Time: 19:51:23
IP: 192.168.0.100
Ping: 1
gpci: 50584D43334B584633333646384B324154413436
Coordinates: 0.000000 0.000000 0.000000 0.000000 0 0
State: 0 0.000000 0.000000 0  
Speed: 0 0 0.000000 0.000000 0.000000
Armed weapon: 0 0
Color: 0xAFAFAF00
Money: 0 0
Score: 0
Skin: 0
Wanted level: 0
Drunk level: 0
Player time: 18:00
Keys: 0x12 0x0 0x0
Camera: 0.000000 0.000000 0.000000 0.000000 0.000000 0.000000
Special action: 0
Weapons: 0 0 0 0 0 0 0 0 0 0 0 0 0 0 0 0 0 0 0 0 0 0 0 0 0 0
Vehicle: None
Vehicle components: None

[Ghost_1, 2]
Comment: No comment
Date: 25. Septembre 2017
Time: 19:51:27
IP: 192.168.0.100
Ping: 2
gpci: 374E41455857314F34584430484D5646534B4130
Coordinates: 0.000000 0.000000 0.000000 0.000000 0 0
State: 0 0.000000 0.000000 0  
Speed: 0 0 0.000000 0.000000 0.000000
Armed weapon: 0 0
Color: 0xAFAFAF00
Money: 0 0
Score: 0
Skin: 0
Wanted level: 0
Drunk level: 0
Player time: 18:00
Keys: 0x12 0x0 0x0
Camera: 0.000000 0.000000 0.000000 0.000000 0.000000 0.000000
Special action: 0
Weapons: 0 0 0 0 0 0 0 0 0 0 0 0 0 0 0 0 0 0 0 0 0 0 0 0 0 0
Vehicle: None
Vehicle components: None

[Ghost_0, 1]
Comment: No comment
Date: 25. Septembre 2017
Time: 19:51:28
IP: 192.168.0.100
Ping: 1
gpci: 543748334B48533555365844364B303952473347
Coordinates: 0.000000 0.000000 0.000000 0.000000 0 0
State: 0 0.000000 0.000000 0  
Speed: 0 0 0.000000 0.000000 0.000000
Armed weapon: 0 0
Color: 0xAFAFAF00
Money: 0 0
Score: 0
Skin: 0
Wanted level: 0
Drunk level: 0
Player time: 18:00
Keys: 0x12 0x0 0x0
Camera: 0.000000 0.000000 0.000000 0.000000 0.000000 0.000000
Special action: 0
Weapons: 0 0 0 0 0 0 0 0 0 0 0 0 0 0 0 0 0 0 0 0 0 0 0 0 0 0
Vehicle: None
Vehicle components: None

[Ghost_1, 2]
Comment: No comment
Date: 25. Septembre 2017
Time: 19:51:33
IP: 192.168.0.100
Ping: 2
gpci: 5336415A584B385939595847353341544F314C41
Coordinates: 0.000000 0.000000 0.000000 0.000000 0 0
State: 0 0.000000 0.000000 0  
Speed: 0 0 0.000000 0.000000 0.000000
Armed weapon: 0 0
Color: 0xAFAFAF00
Money: 0 0
Score: 0
Skin: 0
Wanted level: 0
Drunk level: 0
Player time: 18:00
Keys: 0x12 0x0 0x0
Camera: 0.000000 0.000000 0.000000 0.000000 0.000000 0.000000
Special action: 0
Weapons: 0 0 0 0 0 0 0 0 0 0 0 0 0 0 0 0 0 0 0 0 0 0 0 0 0 0
Vehicle: None
Vehicle components: None

[Ghost_0, 1]
Comment: No comment
Date: 25. Septembre 2017
Time: 19:51:34
IP: 192.168.0.100
Ping: 1
gpci: 554D423739343451555047434548385341314B57
Coordinates: 0.000000 0.000000 0.000000 0.000000 0 0
State: 0 0.000000 0.000000 0  
Speed: 0 0 0.000000 0.000000 0.000000
Armed weapon: 0 0
Color: 0xAFAFAF00
Money: 0 0
Score: 0
Skin: 0
Wanted level: 0
Drunk level: 0
Player time: 18:00
Keys: 0x12 0x0 0x0
Camera: 0.000000 0.000000 0.000000 0.000000 0.000000 0.000000
Special action: 0
Weapons: 0 0 0 0 0 0 0 0 0 0 0 0 0 0 0 0 0 0 0 0 0 0 0 0 0 0
Vehicle: None
Vehicle components: None

[Ghost_1, 2]
Comment: No comment
Date: 25. Septembre 2017
Time: 19:51:38
IP: 192.168.0.100
Ping: 2
gpci: 4E325134423858524D5A49554A51415341545159
Coordinates: 0.000000 0.000000 0.000000 0.000000 0 0
State: 0 0.000000 0.000000 0  
Speed: 0 0 0.000000 0.000000 0.000000
Armed weapon: 0 0
Color: 0xAFAFAF00
Money: 0 0
Score: 0
Skin: 0
Wanted level: 0
Drunk level: 0
Player time: 18:00
Keys: 0x12 0x0 0x0
Camera: 0.000000 0.000000 0.000000 0.000000 0.000000 0.000000
Special action: 0
Weapons: 0 0 0 0 0 0 0 0 0 0 0 0 0 0 0 0 0 0 0 0 0 0 0 0 0 0
Vehicle: None
Vehicle components: None

[Ghost_0, 1]
Comment: No comment
Date: 25. Septembre 2017
Time: 19:51:39
IP: 192.168.0.100
Ping: 1
gpci: 5241455255324F4B365253304D304A3345524731
Coordinates: 0.000000 0.000000 0.000000 0.000000 0 0
State: 0 0.000000 0.000000 0  
Speed: 0 0 0.000000 0.000000 0.000000
Armed weapon: 0 0
Color: 0xAFAFAF00
Money: 0 0
Score: 0
Skin: 0
Wanted level: 0
Drunk level: 0
Player time: 18:00
Keys: 0x12 0x0 0x0
Camera: 0.000000 0.000000 0.000000 0.000000 0.000000 0.000000
Special action: 0
Weapons: 0 0 0 0 0 0 0 0 0 0 0 0 0 0 0 0 0 0 0 0 0 0 0 0 0 0
Vehicle: None
Vehicle components: None

[Ghost_1, 2]
Comment: No comment
Date: 25. Septembre 2017
Time: 19:51:43
IP: 192.168.0.100
Ping: 2
gpci: 57324C35414434573452595A4230353249593249
Coordinates: 0.000000 0.000000 0.000000 0.000000 0 0
State: 0 0.000000 0.000000 0  
Speed: 0 0 0.000000 0.000000 0.000000
Armed weapon: 0 0
Color: 0xAFAFAF00
Money: 0 0
Score: 0
Skin: 0
Wanted level: 0
Drunk level: 0
Player time: 18:00
Keys: 0x12 0x0 0x0
Camera: 0.000000 0.000000 0.000000 0.000000 0.000000 0.000000
Special action: 0
Weapons: 0 0 0 0 0 0 0 0 0 0 0 0 0 0 0 0 0 0 0 0 0 0 0 0 0 0
Vehicle: None
Vehicle components: None

[Ghost_0, 1]
Comment: No comment
Date: 25. Septembre 2017
Time: 19:51:44
IP: 192.168.0.100
Ping: 1
gpci: 525A313752384D363557394944574C3936524935
Coordinates: 0.000000 0.000000 0.000000 0.000000 0 0
State: 0 0.000000 0.000000 0  
Speed: 0 0 0.000000 0.000000 0.000000
Armed weapon: 0 0
Color: 0xAFAFAF00
Money: 0 0
Score: 0
Skin: 0
Wanted level: 0
Drunk level: 0
Player time: 18:00
Keys: 0x12 0x0 0x0
Camera: 0.000000 0.000000 0.000000 0.000000 0.000000 0.000000
Special action: 0
Weapons: 0 0 0 0 0 0 0 0 0 0 0 0 0 0 0 0 0 0 0 0 0 0 0 0 0 0
Vehicle: None
Vehicle components: None

[Ghost_1, 2]
Comment: No comment
Date: 25. Septembre 2017
Time: 19:51:48
IP: 192.168.0.100
Ping: 2
gpci: 4449393436434A354A4C48575456385943344C54
Coordinates: 0.000000 0.000000 0.000000 0.000000 0 0
State: 0 0.000000 0.000000 0  
Speed: 0 0 0.000000 0.000000 0.000000
Armed weapon: 0 0
Color: 0xAFAFAF00
Money: 0 0
Score: 0
Skin: 0
Wanted level: 0
Drunk level: 0
Player time: 18:00
Keys: 0x12 0x0 0x0
Camera: 0.000000 0.000000 0.000000 0.000000 0.000000 0.000000
Special action: 0
Weapons: 0 0 0 0 0 0 0 0 0 0 0 0 0 0 0 0 0 0 0 0 0 0 0 0 0 0
Vehicle: None
Vehicle components: None

[Ghost_0, 1]
Comment: No comment
Date: 25. Septembre 2017
Time: 19:51:50
IP: 192.168.0.100
Ping: 1
gpci: 435553434C4F45523756584C564C5050474D5648
Coordinates: 0.000000 0.000000 0.000000 0.000000 0 0
State: 0 0.000000 0.000000 0  
Speed: 0 0 0.000000 0.000000 0.000000
Armed weapon: 0 0
Color: 0xAFAFAF00
Money: 0 0
Score: 0
Skin: 0
Wanted level: 0
Drunk level: 0
Player time: 18:00
Keys: 0x12 0x0 0x0
Camera: 0.000000 0.000000 0.000000 0.000000 0.000000 0.000000
Special action: 0
Weapons: 0 0 0 0 0 0 0 0 0 0 0 0 0 0 0 0 0 0 0 0 0 0 0 0 0 0
Vehicle: None
Vehicle components: None

[Ghost_1, 2]
Comment: No comment
Date: 25. Septembre 2017
Time: 19:51:53
IP: 192.168.0.100
Ping: 2
gpci: 394F3358314C573459334F4D594955564D383642
Coordinates: 0.000000 0.000000 0.000000 0.000000 0 0
State: 0 0.000000 0.000000 0  
Speed: 0 0 0.000000 0.000000 0.000000
Armed weapon: 0 0
Color: 0xAFAFAF00
Money: 0 0
Score: 0
Skin: 0
Wanted level: 0
Drunk level: 0
Player time: 18:00
Keys: 0x12 0x0 0x0
Camera: 0.000000 0.000000 0.000000 0.000000 0.000000 0.000000
Special action: 0
Weapons: 0 0 0 0 0 0 0 0 0 0 0 0 0 0 0 0 0 0 0 0 0 0 0 0 0 0
Vehicle: None
Vehicle components: None

[Ghost_0, 1]
Comment: No comment
Date: 25. Septembre 2017
Time: 19:51:55
IP: 192.168.0.100
Ping: 1
gpci: 595657364F314D4E4458395249555A5958343833
Coordinates: 0.000000 0.000000 0.000000 0.000000 0 0
State: 0 0.000000 0.000000 0  
Speed: 0 0 0.000000 0.000000 0.000000
Armed weapon: 0 0
Color: 0xAFAFAF00
Money: 0 0
Score: 0
Skin: 0
Wanted level: 0
Drunk level: 0
Player time: 18:00
Keys: 0x12 0x0 0x0
Camera: 0.000000 0.000000 0.000000 0.000000 0.000000 0.000000
Special action: 0
Weapons: 0 0 0 0 0 0 0 0 0 0 0 0 0 0 0 0 0 0 0 0 0 0 0 0 0 0
Vehicle: None
Vehicle components: None

[Ghost_1, 2]
Comment: No comment
Date: 25. Septembre 2017
Time: 19:51:59
IP: 192.168.0.100
Ping: 2
gpci: 304E30464E414B325A4D354D55475247374B5345
Coordinates: 0.000000 0.000000 0.000000 0.000000 0 0
State: 0 0.000000 0.000000 0  
Speed: 0 0 0.000000 0.000000 0.000000
Armed weapon: 0 0
Color: 0xAFAFAF00
Money: 0 0
Score: 0
Skin: 0
Wanted level: 0
Drunk level: 0
Player time: 18:00
Keys: 0x12 0x0 0x0
Camera: 0.000000 0.000000 0.000000 0.000000 0.000000 0.000000
Special action: 0
Weapons: 0 0 0 0 0 0 0 0 0 0 0 0 0 0 0 0 0 0 0 0 0 0 0 0 0 0
Vehicle: None
Vehicle components: None

[Ghost_0, 1]
Comment: No comment
Date: 25. Septembre 2017
Time: 19:52:01
IP: 192.168.0.100
Ping: 1
gpci: 52305A4B46494D473437594F455834364C4C4641
Coordinates: 0.000000 0.000000 0.000000 0.000000 0 0
State: 0 0.000000 0.000000 0  
Speed: 0 0 0.000000 0.000000 0.000000
Armed weapon: 0 0
Color: 0xAFAFAF00
Money: 0 0
Score: 0
Skin: 0
Wanted level: 0
Drunk level: 0
Player time: 18:00
Keys: 0x12 0x0 0x0
Camera: 0.000000 0.000000 0.000000 0.000000 0.000000 0.000000
Special action: 0
Weapons: 0 0 0 0 0 0 0 0 0 0 0 0 0 0 0 0 0 0 0 0 0 0 0 0 0 0
Vehicle: None
Vehicle components: None

[Ghost_1, 2]
Comment: No comment
Date: 25. Septembre 2017
Time: 19:52:04
IP: 192.168.0.100
Ping: 2
gpci: 4337474E455635384A425731344C59394A313155
Coordinates: 0.000000 0.000000 0.000000 0.000000 0 0
State: 0 0.000000 0.000000 0  
Speed: 0 0 0.000000 0.000000 0.000000
Armed weapon: 0 0
Color: 0xAFAFAF00
Money: 0 0
Score: 0
Skin: 0
Wanted level: 0
Drunk level: 0
Player time: 18:00
Keys: 0x12 0x0 0x0
Camera: 0.000000 0.000000 0.000000 0.000000 0.000000 0.000000
Special action: 0
Weapons: 0 0 0 0 0 0 0 0 0 0 0 0 0 0 0 0 0 0 0 0 0 0 0 0 0 0
Vehicle: None
Vehicle components: None

[Ghost_0, 1]
Comment: No comment
Date: 25. Septembre 2017
Time: 19:52:06
IP: 192.168.0.100
Ping: 1
gpci: 57455458585A31544D4B4B365032544855493044
Coordinates: 0.000000 0.000000 0.000000 0.000000 0 0
State: 0 0.000000 0.000000 0  
Speed: 0 0 0.000000 0.000000 0.000000
Armed weapon: 0 0
Color: 0xAFAFAF00
Money: 0 0
Score: 0
Skin: 0
Wanted level: 0
Drunk level: 0
Player time: 18:00
Keys: 0x12 0x0 0x0
Camera: 0.000000 0.000000 0.000000 0.000000 0.000000 0.000000
Special action: 0
Weapons: 0 0 0 0 0 0 0 0 0 0 0 0 0 0 0 0 0 0 0 0 0 0 0 0 0 0
Vehicle: None
Vehicle components: None

[Ghost_1, 2]
Comment: No comment
Date: 25. Septembre 2017
Time: 19:52:09
IP: 192.168.0.100
Ping: 2
gpci: 565A394E49515536364A454B5A51445737413636
Coordinates: 0.000000 0.000000 0.000000 0.000000 0 0
State: 0 0.000000 0.000000 0  
Speed: 0 0 0.000000 0.000000 0.000000
Armed weapon: 0 0
Color: 0xAFAFAF00
Money: 0 0
Score: 0
Skin: 0
Wanted level: 0
Drunk level: 0
Player time: 18:00
Keys: 0x12 0x0 0x0
Camera: 0.000000 0.000000 0.000000 0.000000 0.000000 0.000000
Special action: 0
Weapons: 0 0 0 0 0 0 0 0 0 0 0 0 0 0 0 0 0 0 0 0 0 0 0 0 0 0
Vehicle: None
Vehicle components: None

[Ghost_0, 1]
Comment: No comment
Date: 25. Septembre 2017
Time: 19:52:11
IP: 192.168.0.100
Ping: 1
gpci: 49425A5055393559554D49585A575A414456545A
Coordinates: 0.000000 0.000000 0.000000 0.000000 0 0
State: 0 0.000000 0.000000 0  
Speed: 0 0 0.000000 0.000000 0.000000
Armed weapon: 0 0
Color: 0xAFAFAF00
Money: 0 0
Score: 0
Skin: 0
Wanted level: 0
Drunk level: 0
Player time: 18:00
Keys: 0x12 0x0 0x0
Camera: 0.000000 0.000000 0.000000 0.000000 0.000000 0.000000
Special action: 0
Weapons: 0 0 0 0 0 0 0 0 0 0 0 0 0 0 0 0 0 0 0 0 0 0 0 0 0 0
Vehicle: None
Vehicle components: None

[Ghost_1, 2]
Comment: No comment
Date: 25. Septembre 2017
Time: 19:52:15
IP: 192.168.0.100
Ping: 2
gpci: 414B30384438593741375434454B435457454B30
Coordinates: 0.000000 0.000000 0.000000 0.000000 0 0
State: 0 0.000000 0.000000 0  
Speed: 0 0 0.000000 0.000000 0.000000
Armed weapon: 0 0
Color: 0xAFAFAF00
Money: 0 0
Score: 0
Skin: 0
Wanted level: 0
Drunk level: 0
Player time: 18:00
Keys: 0x12 0x0 0x0
Camera: 0.000000 0.000000 0.000000 0.000000 0.000000 0.000000
Special action: 0
Weapons: 0 0 0 0 0 0 0 0 0 0 0 0 0 0 0 0 0 0 0 0 0 0 0 0 0 0
Vehicle: None
Vehicle components: None

[Ghost_0, 1]
Comment: No comment
Date: 25. Septembre 2017
Time: 19:52:16
IP: 192.168.0.100
Ping: 1
gpci: 4F354E314A4C393843434A465544424B4949544E
Coordinates: 0.000000 0.000000 0.000000 0.000000 0 0
State: 0 0.000000 0.000000 0  
Speed: 0 0 0.000000 0.000000 0.000000
Armed weapon: 0 0
Color: 0xAFAFAF00
Money: 0 0
Score: 0
Skin: 0
Wanted level: 0
Drunk level: 0
Player time: 18:00
Keys: 0x12 0x0 0x0
Camera: 0.000000 0.000000 0.000000 0.000000 0.000000 0.000000
Special action: 0
Weapons: 0 0 0 0 0 0 0 0 0 0 0 0 0 0 0 0 0 0 0 0 0 0 0 0 0 0
Vehicle: None
Vehicle components: None

[Ghost_1, 2]
Comment: No comment
Date: 25. Septembre 2017
Time: 19:52:21
IP: 192.168.0.100
Ping: 2
gpci: 534E5A504E553431535243553458445034445230
Coordinates: 0.000000 0.000000 0.000000 0.000000 0 0
State: 0 0.000000 0.000000 0  
Speed: 0 0 0.000000 0.000000 0.000000
Armed weapon: 0 0
Color: 0xAFAFAF00
Money: 0 0
Score: 0
Skin: 0
Wanted level: 0
Drunk level: 0
Player time: 18:00
Keys: 0x12 0x0 0x0
Camera: 0.000000 0.000000 0.000000 0.000000 0.000000 0.000000
Special action: 0
Weapons: 0 0 0 0 0 0 0 0 0 0 0 0 0 0 0 0 0 0 0 0 0 0 0 0 0 0
Vehicle: None
Vehicle components: None

[Ghost_0, 1]
Comment: No comment
Date: 25. Septembre 2017
Time: 19:52:22
IP: 192.168.0.100
Ping: 1
gpci: 42503158303532535155365A3654465430304338
Coordinates: 0.000000 0.000000 0.000000 0.000000 0 0
State: 0 0.000000 0.000000 0  
Speed: 0 0 0.000000 0.000000 0.000000
Armed weapon: 0 0
Color: 0xAFAFAF00
Money: 0 0
Score: 0
Skin: 0
Wanted level: 0
Drunk level: 0
Player time: 18:00
Keys: 0x12 0x0 0x0
Camera: 0.000000 0.000000 0.000000 0.000000 0.000000 0.000000
Special action: 0
Weapons: 0 0 0 0 0 0 0 0 0 0 0 0 0 0 0 0 0 0 0 0 0 0 0 0 0 0
Vehicle: None
Vehicle components: None

[Ghost_1, 2]
Comment: No comment
Date: 25. Septembre 2017
Time: 19:52:26
IP: 192.168.0.100
Ping: 2
gpci: 595243453642425834324E46304F30354D394953
Coordinates: 0.000000 0.000000 0.000000 0.000000 0 0
State: 0 0.000000 0.000000 0  
Speed: 0 0 0.000000 0.000000 0.000000
Armed weapon: 0 0
Color: 0xAFAFAF00
Money: 0 0
Score: 0
Skin: 0
Wanted level: 0
Drunk level: 0
Player time: 18:00
Keys: 0x12 0x0 0x0
Camera: 0.000000 0.000000 0.000000 0.000000 0.000000 0.000000
Special action: 0
Weapons: 0 0 0 0 0 0 0 0 0 0 0 0 0 0 0 0 0 0 0 0 0 0 0 0 0 0
Vehicle: None
Vehicle components: None

[Ghost_0, 1]
Comment: No comment
Date: 25. Septembre 2017
Time: 19:52:28
IP: 192.168.0.100
Ping: 1
gpci: 433049574E343450455550494456363954564F47
Coordinates: 0.000000 0.000000 0.000000 0.000000 0 0
State: 0 0.000000 0.000000 0  
Speed: 0 0 0.000000 0.000000 0.000000
Armed weapon: 0 0
Color: 0xAFAFAF00
Money: 0 0
Score: 0
Skin: 0
Wanted level: 0
Drunk level: 0
Player time: 18:00
Keys: 0x12 0x0 0x0
Camera: 0.000000 0.000000 0.000000 0.000000 0.000000 0.000000
Special action: 0
Weapons: 0 0 0 0 0 0 0 0 0 0 0 0 0 0 0 0 0 0 0 0 0 0 0 0 0 0
Vehicle: None
Vehicle components: None

[Ghost_1, 2]
Comment: No comment
Date: 25. Septembre 2017
Time: 19:52:32
IP: 192.168.0.100
Ping: 2
gpci: 3136333558374547584A43445830474244514746
Coordinates: 0.000000 0.000000 0.000000 0.000000 0 0
State: 0 0.000000 0.000000 0  
Speed: 0 0 0.000000 0.000000 0.000000
Armed weapon: 0 0
Color: 0xAFAFAF00
Money: 0 0
Score: 0
Skin: 0
Wanted level: 0
Drunk level: 0
Player time: 18:00
Keys: 0x12 0x0 0x0
Camera: 0.000000 0.000000 0.000000 0.000000 0.000000 0.000000
Special action: 0
Weapons: 0 0 0 0 0 0 0 0 0 0 0 0 0 0 0 0 0 0 0 0 0 0 0 0 0 0
Vehicle: None
Vehicle components: None

[Ghost_0, 1]
Comment: No comment
Date: 25. Septembre 2017
Time: 19:52:33
IP: 192.168.0.100
Ping: 1
gpci: 5A364B55354C4430364E5047414C4A4E4C31434F
Coordinates: 0.000000 0.000000 0.000000 0.000000 0 0
State: 0 0.000000 0.000000 0  
Speed: 0 0 0.000000 0.000000 0.000000
Armed weapon: 0 0
Color: 0xAFAFAF00
Money: 0 0
Score: 0
Skin: 0
Wanted level: 0
Drunk level: 0
Player time: 18:00
Keys: 0x12 0x0 0x0
Camera: 0.000000 0.000000 0.000000 0.000000 0.000000 0.000000
Special action: 0
Weapons: 0 0 0 0 0 0 0 0 0 0 0 0 0 0 0 0 0 0 0 0 0 0 0 0 0 0
Vehicle: None
Vehicle components: None

[Ghost_1, 2]
Comment: No comment
Date: 25. Septembre 2017
Time: 19:52:37
IP: 192.168.0.100
Ping: 2
gpci: 415A5A3643353554543945495553334658514E50
Coordinates: 0.000000 0.000000 0.000000 0.000000 0 0
State: 0 0.000000 0.000000 0  
Speed: 0 0 0.000000 0.000000 0.000000
Armed weapon: 0 0
Color: 0xAFAFAF00
Money: 0 0
Score: 0
Skin: 0
Wanted level: 0
Drunk level: 0
Player time: 18:00
Keys: 0x12 0x0 0x0
Camera: 0.000000 0.000000 0.000000 0.000000 0.000000 0.000000
Special action: 0
Weapons: 0 0 0 0 0 0 0 0 0 0 0 0 0 0 0 0 0 0 0 0 0 0 0 0 0 0
Vehicle: None
Vehicle components: None

[Ghost_0, 1]
Comment: No comment
Date: 25. Septembre 2017
Time: 19:52:39
IP: 192.168.0.100
Ping: 1
gpci: 32323730344E414D4D315652395A4C4D56374759
Coordinates: 0.000000 0.000000 0.000000 0.000000 0 0
State: 0 0.000000 0.000000 0  
Speed: 0 0 0.000000 0.000000 0.000000
Armed weapon: 0 0
Color: 0xAFAFAF00
Money: 0 0
Score: 0
Skin: 0
Wanted level: 0
Drunk level: 0
Player time: 18:00
Keys: 0x12 0x0 0x0
Camera: 0.000000 0.000000 0.000000 0.000000 0.000000 0.000000
Special action: 0
Weapons: 0 0 0 0 0 0 0 0 0 0 0 0 0 0 0 0 0 0 0 0 0 0 0 0 0 0
Vehicle: None
Vehicle components: None

[Ghost_1, 2]
Comment: No comment
Date: 25. Septembre 2017
Time: 19:52:43
IP: 192.168.0.100
Ping: 2
gpci: 49515A434D304C3553425033555A443234484731
Coordinates: 0.000000 0.000000 0.000000 0.000000 0 0
State: 0 0.000000 0.000000 0  
Speed: 0 0 0.000000 0.000000 0.000000
Armed weapon: 0 0
Color: 0xAFAFAF00
Money: 0 0
Score: 0
Skin: 0
Wanted level: 0
Drunk level: 0
Player time: 18:00
Keys: 0x12 0x0 0x0
Camera: 0.000000 0.000000 0.000000 0.000000 0.000000 0.000000
Special action: 0
Weapons: 0 0 0 0 0 0 0 0 0 0 0 0 0 0 0 0 0 0 0 0 0 0 0 0 0 0
Vehicle: None
Vehicle components: None

[Ghost_0, 1]
Comment: No comment
Date: 25. Septembre 2017
Time: 19:52:44
IP: 192.168.0.100
Ping: 1
gpci: 555230414645453141464E47484B564F49413635
Coordinates: 0.000000 0.000000 0.000000 0.000000 0 0
State: 0 0.000000 0.000000 0  
Speed: 0 0 0.000000 0.000000 0.000000
Armed weapon: 0 0
Color: 0xAFAFAF00
Money: 0 0
Score: 0
Skin: 0
Wanted level: 0
Drunk level: 0
Player time: 18:00
Keys: 0x12 0x0 0x0
Camera: 0.000000 0.000000 0.000000 0.000000 0.000000 0.000000
Special action: 0
Weapons: 0 0 0 0 0 0 0 0 0 0 0 0 0 0 0 0 0 0 0 0 0 0 0 0 0 0
Vehicle: None
Vehicle components: None

[Ghost_1, 2]
Comment: No comment
Date: 25. Septembre 2017
Time: 19:52:46
IP: 192.168.0.100
Ping: 2
gpci: 535050505445324854335A3256353839394F4350
Coordinates: 0.000000 0.000000 0.000000 0.000000 0 0
State: 0 0.000000 0.000000 0  
Speed: 0 0 0.000000 0.000000 0.000000
Armed weapon: 0 0
Color: 0xAFAFAF00
Money: 0 0
Score: 0
Skin: 0
Wanted level: 0
Drunk level: 0
Player time: 18:00
Keys: 0x12 0x0 0x0
Camera: 0.000000 0.000000 0.000000 0.000000 0.000000 0.000000
Special action: 0
Weapons: 0 0 0 0 0 0 0 0 0 0 0 0 0 0 0 0 0 0 0 0 0 0 0 0 0 0
Vehicle: None
Vehicle components: None

[Ghost_0, 1]
Comment: No comment
Date: 25. Septembre 2017
Time: 19:52:50
IP: 192.168.0.100
Ping: 1
gpci: 38385457484E415059415341524D43544F364453
Coordinates: 0.000000 0.000000 0.000000 0.000000 0 0
State: 0 0.000000 0.000000 0  
Speed: 0 0 0.000000 0.000000 0.000000
Armed weapon: 0 0
Color: 0xAFAFAF00
Money: 0 0
Score: 0
Skin: 0
Wanted level: 0
Drunk level: 0
Player time: 18:00
Keys: 0x12 0x0 0x0
Camera: 0.000000 0.000000 0.000000 0.000000 0.000000 0.000000
Special action: 0
Weapons: 0 0 0 0 0 0 0 0 0 0 0 0 0 0 0 0 0 0 0 0 0 0 0 0 0 0
Vehicle: None
Vehicle components: None

[Ghost_1, 2]
Comment: No comment
Date: 25. Septembre 2017
Time: 19:52:52
IP: 192.168.0.100
Ping: 2
gpci: 484A55434F45383132493744454230414A394A31
Coordinates: 0.000000 0.000000 0.000000 0.000000 0 0
State: 0 0.000000 0.000000 0  
Speed: 0 0 0.000000 0.000000 0.000000
Armed weapon: 0 0
Color: 0xAFAFAF00
Money: 0 0
Score: 0
Skin: 0
Wanted level: 0
Drunk level: 0
Player time: 18:00
Keys: 0x12 0x0 0x0
Camera: 0.000000 0.000000 0.000000 0.000000 0.000000 0.000000
Special action: 0
Weapons: 0 0 0 0 0 0 0 0 0 0 0 0 0 0 0 0 0 0 0 0 0 0 0 0 0 0
Vehicle: None
Vehicle components: None

[Ghost_0, 1]
Comment: No comment
Date: 25. Septembre 2017
Time: 19:52:56
IP: 192.168.0.100
Ping: 1
gpci: 5A47325A343755374F5638444444523035415336
Coordinates: 0.000000 0.000000 0.000000 0.000000 0 0
State: 0 0.000000 0.000000 0  
Speed: 0 0 0.000000 0.000000 0.000000
Armed weapon: 0 0
Color: 0xAFAFAF00
Money: 0 0
Score: 0
Skin: 0
Wanted level: 0
Drunk level: 0
Player time: 18:00
Keys: 0x12 0x0 0x0
Camera: 0.000000 0.000000 0.000000 0.000000 0.000000 0.000000
Special action: 0
Weapons: 0 0 0 0 0 0 0 0 0 0 0 0 0 0 0 0 0 0 0 0 0 0 0 0 0 0
Vehicle: None
Vehicle components: None

[Ghost_1, 2]
Comment: No comment
Date: 25. Septembre 2017
Time: 19:52:57
IP: 192.168.0.100
Ping: 2
gpci: 453442353344504F37583939584D5A3550303046
Coordinates: 0.000000 0.000000 0.000000 0.000000 0 0
State: 0 0.000000 0.000000 0  
Speed: 0 0 0.000000 0.000000 0.000000
Armed weapon: 0 0
Color: 0xAFAFAF00
Money: 0 0
Score: 0
Skin: 0
Wanted level: 0
Drunk level: 0
Player time: 18:00
Keys: 0x12 0x0 0x0
Camera: 0.000000 0.000000 0.000000 0.000000 0.000000 0.000000
Special action: 0
Weapons: 0 0 0 0 0 0 0 0 0 0 0 0 0 0 0 0 0 0 0 0 0 0 0 0 0 0
Vehicle: None
Vehicle components: None

[Ghost_0, 1]
Comment: No comment
Date: 25. Septembre 2017
Time: 19:53:01
IP: 192.168.0.100
Ping: 1
gpci: 43364B564C384F3052584742304A344356394A5A
Coordinates: 0.000000 0.000000 0.000000 0.000000 0 0
State: 0 0.000000 0.000000 0  
Speed: 0 0 0.000000 0.000000 0.000000
Armed weapon: 0 0
Color: 0xAFAFAF00
Money: 0 0
Score: 0
Skin: 0
Wanted level: 0
Drunk level: 0
Player time: 18:00
Keys: 0x12 0x0 0x0
Camera: 0.000000 0.000000 0.000000 0.000000 0.000000 0.000000
Special action: 0
Weapons: 0 0 0 0 0 0 0 0 0 0 0 0 0 0 0 0 0 0 0 0 0 0 0 0 0 0
Vehicle: None
Vehicle components: None

[Ghost_1, 2]
Comment: No comment
Date: 25. Septembre 2017
Time: 19:53:02
IP: 192.168.0.100
Ping: 2
gpci: 5455474643434E3133344E434D434C3056595032
Coordinates: 0.000000 0.000000 0.000000 0.000000 0 0
State: 0 0.000000 0.000000 0  
Speed: 0 0 0.000000 0.000000 0.000000
Armed weapon: 0 0
Color: 0xAFAFAF00
Money: 0 0
Score: 0
Skin: 0
Wanted level: 0
Drunk level: 0
Player time: 18:00
Keys: 0x12 0x0 0x0
Camera: 0.000000 0.000000 0.000000 0.000000 0.000000 0.000000
Special action: 0
Weapons: 0 0 0 0 0 0 0 0 0 0 0 0 0 0 0 0 0 0 0 0 0 0 0 0 0 0
Vehicle: None
Vehicle components: None

[Ghost_0, 1]
Comment: No comment
Date: 25. Septembre 2017
Time: 19:53:07
IP: 192.168.0.100
Ping: 1
gpci: 573043474D5430455135484F374B304E4E323138
Coordinates: 0.000000 0.000000 0.000000 0.000000 0 0
State: 0 0.000000 0.000000 0  
Speed: 0 0 0.000000 0.000000 0.000000
Armed weapon: 0 0
Color: 0xAFAFAF00
Money: 0 0
Score: 0
Skin: 0
Wanted level: 0
Drunk level: 0
Player time: 18:00
Keys: 0x12 0x0 0x0
Camera: 0.000000 0.000000 0.000000 0.000000 0.000000 0.000000
Special action: 0
Weapons: 0 0 0 0 0 0 0 0 0 0 0 0 0 0 0 0 0 0 0 0 0 0 0 0 0 0
Vehicle: None
Vehicle components: None

[Ghost_1, 2]
Comment: No comment
Date: 25. Septembre 2017
Time: 19:53:07
IP: 192.168.0.100
Ping: 2
gpci: 5031475337364E4D4C5557575138545541364E46
Coordinates: 0.000000 0.000000 0.000000 0.000000 0 0
State: 0 0.000000 0.000000 0  
Speed: 0 0 0.000000 0.000000 0.000000
Armed weapon: 0 0
Color: 0xAFAFAF00
Money: 0 0
Score: 0
Skin: 0
Wanted level: 0
Drunk level: 0
Player time: 18:00
Keys: 0x12 0x0 0x0
Camera: 0.000000 0.000000 0.000000 0.000000 0.000000 0.000000
Special action: 0
Weapons: 0 0 0 0 0 0 0 0 0 0 0 0 0 0 0 0 0 0 0 0 0 0 0 0 0 0
Vehicle: None
Vehicle components: None

[Ghost_0, 1]
Comment: No comment
Date: 25. Septembre 2017
Time: 19:53:12
IP: 192.168.0.100
Ping: 1
gpci: 4A37484E443547354C50334D3956384155345654
Coordinates: 0.000000 0.000000 0.000000 0.000000 0 0
State: 0 0.000000 0.000000 0  
Speed: 0 0 0.000000 0.000000 0.000000
Armed weapon: 0 0
Color: 0xAFAFAF00
Money: 0 0
Score: 0
Skin: 0
Wanted level: 0
Drunk level: 0
Player time: 18:00
Keys: 0x12 0x0 0x0
Camera: 0.000000 0.000000 0.000000 0.000000 0.000000 0.000000
Special action: 0
Weapons: 0 0 0 0 0 0 0 0 0 0 0 0 0 0 0 0 0 0 0 0 0 0 0 0 0 0
Vehicle: None
Vehicle components: None

[Ghost_1, 2]
Comment: No comment
Date: 25. Septembre 2017
Time: 19:53:12
IP: 192.168.0.100
Ping: 2
gpci: 544E41565130424F42453845334850554E394641
Coordinates: 0.000000 0.000000 0.000000 0.000000 0 0
State: 0 0.000000 0.000000 0  
Speed: 0 0 0.000000 0.000000 0.000000
Armed weapon: 0 0
Color: 0xAFAFAF00
Money: 0 0
Score: 0
Skin: 0
Wanted level: 0
Drunk level: 0
Player time: 18:00
Keys: 0x12 0x0 0x0
Camera: 0.000000 0.000000 0.000000 0.000000 0.000000 0.000000
Special action: 0
Weapons: 0 0 0 0 0 0 0 0 0 0 0 0 0 0 0 0 0 0 0 0 0 0 0 0 0 0
Vehicle: None
Vehicle components: None

[Ghost_0, 3]
Comment: No comment
Date: 25. Septembre 2017
Time: 19:53:17
IP: 192.168.0.100
Ping: 3
gpci: 464748304246395545544C505A4635324A483248
Coordinates: 0.000000 0.000000 0.000000 0.000000 0 0
State: 0 0.000000 0.000000 0  
Speed: 0 0 0.000000 0.000000 0.000000
Armed weapon: 0 0
Color: 0xAFAFAF00
Money: 0 0
Score: 0
Skin: 0
Wanted level: 0
Drunk level: 0
Player time: 18:00
Keys: 0x12 0x0 0x0
Camera: 0.000000 0.000000 0.000000 0.000000 0.000000 0.000000
Special action: 0
Weapons: 0 0 0 0 0 0 0 0 0 0 0 0 0 0 0 0 0 0 0 0 0 0 0 0 0 0
Vehicle: None
Vehicle components: None

[Ghost_1, 2]
Comment: No comment
Date: 25. Septembre 2017
Time: 19:53:18
IP: 192.168.0.100
Ping: 2
gpci: 53563457315A5138545A3134374E583748315839
Coordinates: 0.000000 0.000000 0.000000 0.000000 0 0
State: 0 0.000000 0.000000 0  
Speed: 0 0 0.000000 0.000000 0.000000
Armed weapon: 0 0
Color: 0xAFAFAF00
Money: 0 0
Score: 0
Skin: 0
Wanted level: 0
Drunk level: 0
Player time: 18:00
Keys: 0x12 0x0 0x0
Camera: 0.000000 0.000000 0.000000 0.000000 0.000000 0.000000
Special action: 0
Weapons: 0 0 0 0 0 0 0 0 0 0 0 0 0 0 0 0 0 0 0 0 0 0 0 0 0 0
Vehicle: None
Vehicle components: None

[Ghost_0, 3]
Comment: No comment
Date: 25. Septembre 2017
Time: 19:53:22
IP: 192.168.0.100
Ping: 3
gpci: 4F524252395146414F49364A483630364A364746
Coordinates: 0.000000 0.000000 0.000000 0.000000 0 0
State: 0 0.000000 0.000000 0  
Speed: 0 0 0.000000 0.000000 0.000000
Armed weapon: 0 0
Color: 0xAFAFAF00
Money: 0 0
Score: 0
Skin: 0
Wanted level: 0
Drunk level: 0
Player time: 18:00
Keys: 0x12 0x0 0x0
Camera: 0.000000 0.000000 0.000000 0.000000 0.000000 0.000000
Special action: 0
Weapons: 0 0 0 0 0 0 0 0 0 0 0 0 0 0 0 0 0 0 0 0 0 0 0 0 0 0
Vehicle: None
Vehicle components: None

[Ghost_1, 2]
Comment: No comment
Date: 25. Septembre 2017
Time: 19:53:23
IP: 192.168.0.100
Ping: 2
gpci: 51585A3236494A584443513545334A3950553430
Coordinates: 0.000000 0.000000 0.000000 0.000000 0 0
State: 0 0.000000 0.000000 0  
Speed: 0 0 0.000000 0.000000 0.000000
Armed weapon: 0 0
Color: 0xAFAFAF00
Money: 0 0
Score: 0
Skin: 0
Wanted level: 0
Drunk level: 0
Player time: 18:00
Keys: 0x12 0x0 0x0
Camera: 0.000000 0.000000 0.000000 0.000000 0.000000 0.000000
Special action: 0
Weapons: 0 0 0 0 0 0 0 0 0 0 0 0 0 0 0 0 0 0 0 0 0 0 0 0 0 0
Vehicle: None
Vehicle components: None

[Ghost_0, 1]
Comment: No comment
Date: 25. Septembre 2017
Time: 19:53:27
IP: 192.168.0.100
Ping: 1
gpci: 5833324C4F55434A453739434F5A3356334B3559
Coordinates: 0.000000 0.000000 0.000000 0.000000 0 0
State: 0 0.000000 0.000000 0  
Speed: 0 0 0.000000 0.000000 0.000000
Armed weapon: 0 0
Color: 0xAFAFAF00
Money: 0 0
Score: 0
Skin: 0
Wanted level: 0
Drunk level: 0
Player time: 18:00
Keys: 0x12 0x0 0x0
Camera: 0.000000 0.000000 0.000000 0.000000 0.000000 0.000000
Special action: 0
Weapons: 0 0 0 0 0 0 0 0 0 0 0 0 0 0 0 0 0 0 0 0 0 0 0 0 0 0
Vehicle: None
Vehicle components: None

[Ghost_1, 2]
Comment: No comment
Date: 25. Septembre 2017
Time: 19:53:28
IP: 192.168.0.100
Ping: 2
gpci: 3946303734443943433837334755373653483344
Coordinates: 0.000000 0.000000 0.000000 0.000000 0 0
State: 0 0.000000 0.000000 0  
Speed: 0 0 0.000000 0.000000 0.000000
Armed weapon: 0 0
Color: 0xAFAFAF00
Money: 0 0
Score: 0
Skin: 0
Wanted level: 0
Drunk level: 0
Player time: 18:00
Keys: 0x12 0x0 0x0
Camera: 0.000000 0.000000 0.000000 0.000000 0.000000 0.000000
Special action: 0
Weapons: 0 0 0 0 0 0 0 0 0 0 0 0 0 0 0 0 0 0 0 0 0 0 0 0 0 0
Vehicle: None
Vehicle components: None

[Ghost_0, 1]
Comment: No comment
Date: 25. Septembre 2017
Time: 19:53:32
IP: 192.168.0.100
Ping: 1
gpci: 4C4A515A50545A504A354B42334A57554E4E5639
Coordinates: 0.000000 0.000000 0.000000 0.000000 0 0
State: 0 0.000000 0.000000 0  
Speed: 0 0 0.000000 0.000000 0.000000
Armed weapon: 0 0
Color: 0xAFAFAF00
Money: 0 0
Score: 0
Skin: 0
Wanted level: 0
Drunk level: 0
Player time: 18:00
Keys: 0x12 0x0 0x0
Camera: 0.000000 0.000000 0.000000 0.000000 0.000000 0.000000
Special action: 0
Weapons: 0 0 0 0 0 0 0 0 0 0 0 0 0 0 0 0 0 0 0 0 0 0 0 0 0 0
Vehicle: None
Vehicle components: None

[Ghost_1, 2]
Comment: No comment
Date: 25. Septembre 2017
Time: 19:53:34
IP: 192.168.0.100
Ping: 2
gpci: 4F485245424646554E353256494456554644484F
Coordinates: 0.000000 0.000000 0.000000 0.000000 0 0
State: 0 0.000000 0.000000 0  
Speed: 0 0 0.000000 0.000000 0.000000
Armed weapon: 0 0
Color: 0xAFAFAF00
Money: 0 0
Score: 0
Skin: 0
Wanted level: 0
Drunk level: 0
Player time: 18:00
Keys: 0x12 0x0 0x0
Camera: 0.000000 0.000000 0.000000 0.000000 0.000000 0.000000
Special action: 0
Weapons: 0 0 0 0 0 0 0 0 0 0 0 0 0 0 0 0 0 0 0 0 0 0 0 0 0 0
Vehicle: None
Vehicle components: None

[Ghost_0, 1]
Comment: No comment
Date: 25. Septembre 2017
Time: 19:53:38
IP: 192.168.0.100
Ping: 1
gpci: 32363536473954455A4D42554751435A4C5A5042
Coordinates: 0.000000 0.000000 0.000000 0.000000 0 0
State: 0 0.000000 0.000000 0  
Speed: 0 0 0.000000 0.000000 0.000000
Armed weapon: 0 0
Color: 0xAFAFAF00
Money: 0 0
Score: 0
Skin: 0
Wanted level: 0
Drunk level: 0
Player time: 18:00
Keys: 0x12 0x0 0x0
Camera: 0.000000 0.000000 0.000000 0.000000 0.000000 0.000000
Special action: 0
Weapons: 0 0 0 0 0 0 0 0 0 0 0 0 0 0 0 0 0 0 0 0 0 0 0 0 0 0
Vehicle: None
Vehicle components: None

[Ghost_1, 2]
Comment: No comment
Date: 25. Septembre 2017
Time: 19:53:39
IP: 192.168.0.100
Ping: 2
gpci: 4150523349524F524D575142573942415A4A3837
Coordinates: 0.000000 0.000000 0.000000 0.000000 0 0
State: 0 0.000000 0.000000 0  
Speed: 0 0 0.000000 0.000000 0.000000
Armed weapon: 0 0
Color: 0xAFAFAF00
Money: 0 0
Score: 0
Skin: 0
Wanted level: 0
Drunk level: 0
Player time: 18:00
Keys: 0x12 0x0 0x0
Camera: 0.000000 0.000000 0.000000 0.000000 0.000000 0.000000
Special action: 0
Weapons: 0 0 0 0 0 0 0 0 0 0 0 0 0 0 0 0 0 0 0 0 0 0 0 0 0 0
Vehicle: None
Vehicle components: None

[Ghost_0, 1]
Comment: No comment
Date: 25. Septembre 2017
Time: 19:53:43
IP: 192.168.0.100
Ping: 1
gpci: 34465937384637484249504351494C505054454E
Coordinates: 0.000000 0.000000 0.000000 0.000000 0 0
State: 0 0.000000 0.000000 0  
Speed: 0 0 0.000000 0.000000 0.000000
Armed weapon: 0 0
Color: 0xAFAFAF00
Money: 0 0
Score: 0
Skin: 0
Wanted level: 0
Drunk level: 0
Player time: 18:00
Keys: 0x12 0x0 0x0
Camera: 0.000000 0.000000 0.000000 0.000000 0.000000 0.000000
Special action: 0
Weapons: 0 0 0 0 0 0 0 0 0 0 0 0 0 0 0 0 0 0 0 0 0 0 0 0 0 0
Vehicle: None
Vehicle components: None

[Ghost_1, 2]
Comment: No comment
Date: 25. Septembre 2017
Time: 19:53:45
IP: 192.168.0.100
Ping: 2
gpci: 5249513532334341425556495547554246384432
Coordinates: 0.000000 0.000000 0.000000 0.000000 0 0
State: 0 0.000000 0.000000 0  
Speed: 0 0 0.000000 0.000000 0.000000
Armed weapon: 0 0
Color: 0xAFAFAF00
Money: 0 0
Score: 0
Skin: 0
Wanted level: 0
Drunk level: 0
Player time: 18:00
Keys: 0x12 0x0 0x0
Camera: 0.000000 0.000000 0.000000 0.000000 0.000000 0.000000
Special action: 0
Weapons: 0 0 0 0 0 0 0 0 0 0 0 0 0 0 0 0 0 0 0 0 0 0 0 0 0 0
Vehicle: None
Vehicle components: None

[Ghost_0, 1]
Comment: No comment
Date: 25. Septembre 2017
Time: 19:53:49
IP: 192.168.0.100
Ping: 1
gpci: 4131314248314F484F3639354C3055464D483631
Coordinates: 0.000000 0.000000 0.000000 0.000000 0 0
State: 0 0.000000 0.000000 0  
Speed: 0 0 0.000000 0.000000 0.000000
Armed weapon: 0 0
Color: 0xAFAFAF00
Money: 0 0
Score: 0
Skin: 0
Wanted level: 0
Drunk level: 0
Player time: 18:00
Keys: 0x12 0x0 0x0
Camera: 0.000000 0.000000 0.000000 0.000000 0.000000 0.000000
Special action: 0
Weapons: 0 0 0 0 0 0 0 0 0 0 0 0 0 0 0 0 0 0 0 0 0 0 0 0 0 0
Vehicle: None
Vehicle components: None

[Ghost_1, 2]
Comment: No comment
Date: 25. Septembre 2017
Time: 19:53:50
IP: 192.168.0.100
Ping: 2
gpci: 43384836484234393256464E31594D4253423942
Coordinates: 0.000000 0.000000 0.000000 0.000000 0 0
State: 0 0.000000 0.000000 0  
Speed: 0 0 0.000000 0.000000 0.000000
Armed weapon: 0 0
Color: 0xAFAFAF00
Money: 0 0
Score: 0
Skin: 0
Wanted level: 0
Drunk level: 0
Player time: 18:00
Keys: 0x12 0x0 0x0
Camera: 0.000000 0.000000 0.000000 0.000000 0.000000 0.000000
Special action: 0
Weapons: 0 0 0 0 0 0 0 0 0 0 0 0 0 0 0 0 0 0 0 0 0 0 0 0 0 0
Vehicle: None
Vehicle components: None

[Ghost_0, 1]
Comment: No comment
Date: 25. Septembre 2017
Time: 19:53:54
IP: 192.168.0.100
Ping: 1
gpci: 4D55344E4F5A5758345751305A53455652393336
Coordinates: 0.000000 0.000000 0.000000 0.000000 0 0
State: 0 0.000000 0.000000 0  
Speed: 0 0 0.000000 0.000000 0.000000
Armed weapon: 0 0
Color: 0xAFAFAF00
Money: 0 0
Score: 0
Skin: 0
Wanted level: 0
Drunk level: 0
Player time: 18:00
Keys: 0x12 0x0 0x0
Camera: 0.000000 0.000000 0.000000 0.000000 0.000000 0.000000
Special action: 0
Weapons: 0 0 0 0 0 0 0 0 0 0 0 0 0 0 0 0 0 0 0 0 0 0 0 0 0 0
Vehicle: None
Vehicle components: None

[Ghost_0, 1]
Comment: No comment
Date: 25. Septembre 2017
Time: 19:53:55
IP: 192.168.0.100
Ping: 1
gpci: 454C54454754314B495A44544C4B4E504E36574A
Coordinates: 0.000000 0.000000 0.000000 0.000000 0 0
State: 0 0.000000 0.000000 0  
Speed: 0 0 0.000000 0.000000 0.000000
Armed weapon: 0 0
Color: 0xAFAFAF00
Money: 0 0
Score: 0
Skin: 0
Wanted level: 0
Drunk level: 0
Player time: 18:00
Keys: 0x12 0x0 0x0
Camera: 0.000000 0.000000 0.000000 0.000000 0.000000 0.000000
Special action: 0
Weapons: 0 0 0 0 0 0 0 0 0 0 0 0 0 0 0 0 0 0 0 0 0 0 0 0 0 0
Vehicle: None
Vehicle components: None

[Ghost_1, 2]
Comment: No comment
Date: 25. Septembre 2017
Time: 19:53:55
IP: 192.168.0.100
Ping: 2
gpci: 535A4A43484D363533304646534C31504D365849
Coordinates: 0.000000 0.000000 0.000000 0.000000 0 0
State: 0 0.000000 0.000000 0  
Speed: 0 0 0.000000 0.000000 0.000000
Armed weapon: 0 0
Color: 0xAFAFAF00
Money: 0 0
Score: 0
Skin: 0
Wanted level: 0
Drunk level: 0
Player time: 18:00
Keys: 0x12 0x0 0x0
Camera: 0.000000 0.000000 0.000000 0.000000 0.000000 0.000000
Special action: 0
Weapons: 0 0 0 0 0 0 0 0 0 0 0 0 0 0 0 0 0 0 0 0 0 0 0 0 0 0
Vehicle: None
Vehicle components: None

[Ghost_0, 0]
Comment: No comment
Date: 25. Septembre 2017
Time: 19:54:00
IP: 192.168.0.100
Ping: 0
gpci: 4E394252594447424D4E394654415A354853314C
Coordinates: 0.000000 0.000000 0.000000 0.000000 0 0
State: 0 0.000000 0.000000 0  
Speed: 0 0 0.000000 0.000000 0.000000
Armed weapon: 0 0
Color: 0xAFAFAF00
Money: 0 16310
Score: 0
Skin: 0
Wanted level: 0
Drunk level: 0
Player time: 18:00
Keys: 0x12 0x0 0x0
Camera: 0.000000 0.000000 0.000000 0.000000 0.000000 0.000000
Special action: 0
Weapons: 0 0 0 0 0 0 0 0 0 0 0 0 0 0 0 0 0 0 0 0 0 0 0 0 0 0
Vehicle: None
Vehicle components: None

[Ghost_1, 1]
Comment: No comment
Date: 25. Septembre 2017
Time: 19:54:01
IP: 192.168.0.100
Ping: 1
gpci: 5648335633524356453851444D50473046555947
Coordinates: 0.000000 0.000000 0.000000 0.000000 0 0
State: 0 0.000000 0.000000 0  
Speed: 0 0 0.000000 0.000000 0.000000
Armed weapon: 0 0
Color: 0xAFAFAF00
Money: 0 0
Score: 0
Skin: 0
Wanted level: 0
Drunk level: 0
Player time: 18:00
Keys: 0x12 0x0 0x0
Camera: 0.000000 0.000000 0.000000 0.000000 0.000000 0.000000
Special action: 0
Weapons: 0 0 0 0 0 0 0 0 0 0 0 0 0 0 0 0 0 0 0 0 0 0 0 0 0 0
Vehicle: None
Vehicle components: None

[Ghost, 0]
Comment: No comment
Date: 25. Septembre 2017
Time: 20:06:31
IP: 192.168.0.100
Ping: 0
gpci: 45394558594555584C4B394E3041305759575A53
Coordinates: 1833.907714 -1638.591308 357.211273 261.725799 0 0
State: 2 99.000000 99.000000 0  
Speed: 0 0 0.000000 0.000000 0.000000
Armed weapon: 0 0
Color: 0xFFFFFF00
Money: 16310 16310
Score: 11
Skin: 294
Wanted level: 0
Drunk level: 864
Player time: 19:00
Keys: 0x0 0x0 0x0
Camera: 1832.362426 -1648.658447 350.281585 0.089262 0.062424 -0.994050
Special action: 0
Weapons: 0 0 0 0 0 0 0 0 0 0 0 0 0 0 0 0 0 0 0 0 0 0 0 0 0 0
Vehicle: 5 516 Nebula 0.000000 0.000000 0.000000 343.983398 0.500000 0.500000 0.500000 0.500000 1000.000000 0b0 0b0 0b0 0b0 0
Vehicle components: 0 -1 0 -1 0 -1 0 -1 0 -1 0 -1 0 -1 0 -1 0 -1 0 -1 0 -1 0 -1 0 -1 0 -1

[Ghost, 0]
Comment: No comment
Date: 25. Septembre 2017
Time: 20:09:02
IP: 192.168.0.100
Ping: 0
gpci: 533658544C4C4F4136484F5A5A334D5A5351594C
Coordinates: 1904.766235 -1653.298828 23.665061 338.710510 0 0
State: 2 99.000000 99.000000 0  
Speed: 0 0 0.000000 0.000000 0.000000
Armed weapon: 0 0
Color: 0xFFFFFF00
Money: 16310 16310
Score: 11
Skin: 294
Wanted level: 0
Drunk level: 203
Player time: 19:00
Keys: 0x0 0x0 0x0
Camera: 0.000000 0.000000 0.000000 0.000000 0.919144 0.000000
Special action: 0
Weapons: 0 0 0 0 0 0 0 0 0 0 0 0 0 0 0 0 0 0 0 0 0 0 0 0 0 0
Vehicle: 489 574 Sweeper 0.000000 0.000000 0.000000 179.690200 0.500000 0.500000 0.500000 0.500000 1000.000000 0b0 0b0 0b0 0b0 0
Vehicle components: 0 -1 0 -1 0 -1 0 -1 0 -1 0 -1 0 -1 0 -1 0 -1 0 -1 0 -1 0 -1 0 -1 0 -1

[Ghost, 0]
Comment: No comment
Date: 28. Septembre 2017
Time: 22:33:05
IP: 192.168.0.100
Ping: 0
gpci: 39325455484857533658544C4C4F4136484F5A5A
Coordinates: 1532.265625 -1630.761108 13.386798 326.301971 0 0
State: 1 99.000000 99.000000 1189 PED IDLE_STANCE
Speed: 0 0 0.000000 0.000000 0.000000
Armed weapon: 0 0
Color: 0xFFFFFF00
Money: 16310 16310
Score: 11
Skin: 294
Wanted level: 0
Drunk level: 1313
Player time: 12:00
Keys: 0x0 0x0 0x0
Camera: 1528.833618 -1631.447143 14.008700 0.980588 0.195976 -0.006250
Special action: 0
Weapons: 0 0 0 0 0 0 0 0 0 0 0 0 0 0 0 0 0 0 0 0 0 0 0 0 0 0
Vehicle: None
Vehicle components: None

[Ghost, 0]
Comment: No comment
Date: 28. Septembre 2017
Time: 22:37:58
IP: 192.168.0.100
Ping: 0
gpci: 57533658544C4C4F4136484F5A5A334D5A535159
Coordinates: 0.000000 0.000000 0.000000 0.000000 0 0
State: 0 0.000000 0.000000 0  
Speed: 0 0 0.000000 0.000000 0.000000
Armed weapon: 0 0
Color: 0xAFAFAFAA
Money: 0 16310
Score: 0
Skin: 0
Wanted level: 0
Drunk level: 0
Player time: 12:00
Keys: 0xC 0x0 0x0
Camera: 0.000000 0.000000 0.000000 0.000000 0.000000 0.000000
Special action: 0
Weapons: 0 0 0 0 0 0 0 0 0 0 0 0 0 0 0 0 0 0 0 0 0 0 0 0 0 0
Vehicle: None
Vehicle components: None

[Ghost, 0]
Comment: No comment
Date: 28. Septembre 2017
Time: 22:39:33
IP: 192.168.0.100
Ping: 0
gpci: 57533658544C4C4F4136484F5A5A334D5A535159
Coordinates: 0.000000 0.000000 0.000000 0.000000 0 0
State: 0 0.000000 0.000000 0  
Speed: 0 0 0.000000 0.000000 0.000000
Armed weapon: 0 0
Color: 0xAFAFAFAA
Money: 0 16310
Score: 0
Skin: 0
Wanted level: 0
Drunk level: 0
Player time: 12:00
Keys: 0xC 0x0 0x0
Camera: 0.000000 0.000000 0.000000 0.000000 0.000000 0.000000
Special action: 0
Weapons: 0 0 0 0 0 0 0 0 0 0 0 0 0 0 0 0 0 0 0 0 0 0 0 0 0 0
Vehicle: None
Vehicle components: None

[Ghost, 0]
Comment: No comment
Date: 29. Septembre 2017
Time: 00:04:10
IP: 192.168.0.100
Ping: 0
gpci: 3658544C4C4F4136484F5A5A334D5A5351594C47
Coordinates: 0.000000 0.000000 0.000000 0.000000 0 0
State: 0 0.000000 0.000000 0  
Speed: 0 0 0.000000 0.000000 0.000000
Armed weapon: 0 0
Color: 0xAFAFAFAA
Money: 0 0
Score: 0
Skin: 0
Wanted level: 0
Drunk level: 0
Player time: 255:00
Keys: 0xFF 0x0 0x0
Camera: 0.000000 0.000000 0.000000 0.000000 0.000000 0.000000
Special action: 0
Weapons: 0 0 0 0 0 0 0 0 0 0 0 0 0 0 0 0 0 0 0 0 0 0 0 0 0 0
Vehicle: None
Vehicle components: None

[Ghost, 0]
Comment: No comment
Date: 29. Septembre 2017
Time: 14:02:10
IP: 192.168.0.100
Ping: 0
gpci: D95DC048FDDC409A4C9589E84EEF4CDE45F48808
Coordinates: 0.000000 0.000000 0.000000 0.000000 0 0
State: 0 0.000000 0.000000 0  
Speed: 0 0 0.000000 0.000000 0.000000
Armed weapon: 0 0
Color: 0xAFAFAFAA
Money: 0 0
Score: 0
Skin: 0
Wanted level: 0
Drunk level: 0
Player time: 13:00
Keys: 0xD 0x0 0x0
Camera: 0.000000 0.000000 0.000000 0.000000 0.000000 0.000000
Special action: 0
Weapons: 0 0 0 0 0 0 0 0 0 0 0 0 0 0 0 0 0 0 0 0 0 0 0 0 0 0
Vehicle: None
Vehicle components: None

[Ghost, 0]
Comment: No comment
Date: 29. Septembre 2017
Time: 14:14:30
IP: 192.168.0.100
Ping: 0
gpci: D95DC048FDDC409A4C9589E84EEF4CDE45F48808
Coordinates: 0.000000 0.000000 0.000000 0.000000 0 0
State: 0 0.000000 0.000000 0  
Speed: 0 0 0.000000 0.000000 0.000000
Armed weapon: 0 0
Color: 0xAFAFAFAA
Money: 0 0
Score: 0
Skin: 0
Wanted level: 0
Drunk level: 0
Player time: 13:00
Keys: 0xD 0x0 0x0
Camera: 0.000000 0.000000 0.000000 0.000000 0.000000 0.000000
Special action: 0
Weapons: 0 0 0 0 0 0 0 0 0 0 0 0 0 0 0 0 0 0 0 0 0 0 0 0 0 0
Vehicle: None
Vehicle components: None

[Ghost, 0]
Comment: No comment
Date: 29. Septembre 2017
Time: 14:16:16
IP: 192.168.0.100
Ping: 0
gpci: D95DC048FDDC409A4C9589E84EEF4CDE45F48808
Coordinates: 0.000000 0.000000 0.000000 0.000000 0 0
State: 0 0.000000 0.000000 0  
Speed: 0 0 0.000000 0.000000 0.000000
Armed weapon: 0 0
Color: 0xAFAFAFAA
Money: 0 6657
Score: 0
Skin: 0
Wanted level: 0
Drunk level: 0
Player time: 13:00
Keys: 0xD 0x0 0x0
Camera: 0.000000 0.000000 0.000000 0.000000 0.000000 0.000000
Special action: 0
Weapons: 0 0 0 0 0 0 0 0 0 0 0 0 0 0 0 0 0 0 0 0 0 0 0 0 0 0
Vehicle: None
Vehicle components: None

[Ghost, 0]
Comment: No comment
Date: 29. Septembre 2017
Time: 14:26:06
IP: 192.168.0.100
Ping: 0
gpci: D95DC048FDDC409A4C9589E84EEF4CDE45F48808
Coordinates: 0.000000 0.000000 0.000000 0.000000 0 0
State: 0 0.000000 0.000000 0  
Speed: 0 0 0.000000 0.000000 0.000000
Armed weapon: 0 0
Color: 0xAFAFAFAA
Money: 0 0
Score: 0
Skin: 0
Wanted level: 0
Drunk level: 0
Player time: 13:00
Keys: 0xD 0x0 0x0
Camera: 0.000000 0.000000 0.000000 0.000000 0.000000 0.000000
Special action: 0
Weapons: 0 0 0 0 0 0 0 0 0 0 0 0 0 0 0 0 0 0 0 0 0 0 0 0 0 0
Vehicle: None
Vehicle components: None

[Ghost, 0]
Comment: No comment
Date: 29. Septembre 2017
Time: 14:27:50
IP: 192.168.0.100
Ping: 0
gpci: D95DC048FDDC409A4C9589E84EEF4CDE45F48808
Coordinates: 0.000000 0.000000 0.000000 0.000000 0 0
State: 0 0.000000 0.000000 0  
Speed: 0 0 0.000000 0.000000 0.000000
Armed weapon: 0 0
Color: 0xAFAFAFAA
Money: 0 0
Score: 0
Skin: 0
Wanted level: 0
Drunk level: 0
Player time: 13:00
Keys: 0xD 0x0 0x0
Camera: 0.000000 0.000000 0.000000 0.000000 0.000000 0.000000
Special action: 0
Weapons: 0 0 0 0 0 0 0 0 0 0 0 0 0 0 0 0 0 0 0 0 0 0 0 0 0 0
Vehicle: None
Vehicle components: None

[Ghost, 0]
Comment: No comment
Date: 29. Septembre 2017
Time: 14:45:20
IP: 192.168.0.100
Ping: 0
gpci: D95DC048FDDC409A4C9589E84EEF4CDE45F48808
Coordinates: 0.000000 0.000000 0.000000 0.000000 0 0
State: 0 0.000000 0.000000 0  
Speed: 0 0 0.000000 0.000000 0.000000
Armed weapon: 0 0
Color: 0xAFAFAFAA
Money: 0 0
Score: 0
Skin: 0
Wanted level: 0
Drunk level: 0
Player time: 13:00
Keys: 0xD 0x0 0x0
Camera: 0.000000 0.000000 0.000000 0.000000 0.000000 0.000000
Special action: 0
Weapons: 0 0 0 0 0 0 0 0 0 0 0 0 0 0 0 0 0 0 0 0 0 0 0 0 0 0
Vehicle: None
Vehicle components: None

[Ghost, 0]
Comment: No comment
Date: 29. Septembre 2017
Time: 15:01:27
IP: 192.168.0.100
Ping: 0
gpci: D95DC048FDDC409A4C9589E84EEF4CDE45F48808
Coordinates: 0.000000 0.000000 0.000000 0.000000 0 0
State: 0 0.000000 0.000000 0  
Speed: 0 0 0.000000 0.000000 0.000000
Armed weapon: 0 0
Color: 0xAFAFAFAA
Money: 0 0
Score: 0
Skin: 0
Wanted level: 0
Drunk level: 0
Player time: 14:00
Keys: 0xE 0x0 0x0
Camera: 0.000000 0.000000 0.000000 0.000000 0.000000 0.000000
Special action: 0
Weapons: 0 0 0 0 0 0 0 0 0 0 0 0 0 0 0 0 0 0 0 0 0 0 0 0 0 0
Vehicle: None
Vehicle components: None

[Ghost, 0]
Comment: No comment
Date: 29. Septembre 2017
Time: 15:27:40
IP: 192.168.0.100
Ping: 0
gpci: D95DC048FDDC409A4C9589E84EEF4CDE45F48808
Coordinates: 0.000000 0.000000 0.000000 0.000000 0 0
State: 0 0.000000 0.000000 0  
Speed: 0 0 0.000000 0.000000 0.000000
Armed weapon: 0 0
Color: 0xAFAFAFAA
Money: 0 0
Score: 0
Skin: 0
Wanted level: 0
Drunk level: 0
Player time: 14:00
Keys: 0xE 0x0 0x0
Camera: 0.000000 0.000000 0.000000 0.000000 0.000000 0.000000
Special action: 0
Weapons: 0 0 0 0 0 0 0 0 0 0 0 0 0 0 0 0 0 0 0 0 0 0 0 0 0 0
Vehicle: None
Vehicle components: None

[Mackenzi, 0]
Comment: No comment
Date: 6. Octobre 2017
Time: 16:28:29
IP: 127.0.0.1
Ping: 0
gpci: DFD95C9848F0FECE98C5089EF04F59D4DD4984DD
Coordinates: 0.000000 0.000000 0.000000 0.000000 0 0
State: 0 0.000000 0.000000 0  
Speed: 0 0 0.000000 0.000000 0.000000
Armed weapon: 0 0
Color: 0xAFAFAFAA
Money: 0 0
Score: 0
Skin: 0
Wanted level: 0
Drunk level: 0
Player time: 16:00
Keys: 0x10 0x0 0x0
Camera: 0.000000 0.000000 0.000000 0.000000 0.000000 0.000000
Special action: 0
Weapons: 0 0 0 0 0 0 0 0 0 0 0 0 0 0 0 0 0 0 0 0 0 0 0 0 0 0
Vehicle: None
Vehicle components: None

[White, 0]
Comment: No comment
Date: 11. Octobre 2017
Time: 23:40:04
IP: 127.0.0.1
Ping: 0
gpci: 484A55324F384A5A4B504F4A4E3949545041484B
Coordinates: 0.000000 0.000000 0.000000 0.000000 0 0
State: 0 0.000000 0.000000 0  
Speed: 0 0 0.000000 0.000000 0.000000
Armed weapon: 0 0
Color: 0xAFAFAFAA
Money: 0 0
Score: 0
Skin: 0
Wanted level: 0
Drunk level: 0
Player time: 27:00
Keys: 0x1B 0x0 0x0
Camera: 0.000000 0.000000 0.000000 0.000000 0.000000 0.000000
Special action: 0
Weapons: 0 0 0 0 0 0 0 0 0 0 0 0 0 0 0 0 0 0 0 0 0 0 0 0 0 0
Vehicle: None
Vehicle components: None

[White, 0]
Comment: No comment
Date: 14. Octobre 2017
Time: 20:01:20
IP: 127.0.0.1
Ping: 0
gpci: 504F4A4E3949545041484B5A523854564B415257
Coordinates: 0.000000 0.000000 0.000000 0.000000 0 0
State: 0 0.000000 0.000000 0  
Speed: 0 0 0.000000 0.000000 0.000000
Armed weapon: 0 0
Color: 0xAFAFAFAA
Money: 0 0
Score: 0
Skin: 0
Wanted level: 0
Drunk level: 0
Player time: 24:00
Keys: 0x18 0x0 0x0
Camera: 0.000000 0.000000 0.000000 0.000000 0.000000 0.000000
Special action: 0
Weapons: 0 0 0 0 0 0 0 0 0 0 0 0 0 0 0 0 0 0 0 0 0 0 0 0 0 0
Vehicle: None
Vehicle components: None

[White, 0]
Comment: No comment
Date: 15. Octobre 2017
Time: 00:58:03
IP: 127.0.0.1
Ping: 0
gpci: 384A5A4B504F4A4E3949545041484B5A52385456
Coordinates: 0.000000 0.000000 0.000000 0.000000 0 0
State: 0 0.000000 0.000000 0  
Speed: 0 0 0.000000 0.000000 0.000000
Armed weapon: 0 0
Color: 0xAFAFAFAA
Money: 0 0
Score: 0
Skin: 0
Wanted level: 0
Drunk level: 0
Player time: 04:00
Keys: 0x4 0x0 0x0
Camera: 0.000000 0.000000 0.000000 0.000000 0.000000 0.000000
Special action: 0
Weapons: 0 0 0 0 0 0 0 0 0 0 0 0 0 0 0 0 0 0 0 0 0 0 0 0 0 0
Vehicle: None
Vehicle components: None

[White, 0]
Comment: No comment
Date: 15. Octobre 2017
Time: 00:59:00
IP: 127.0.0.1
Ping: 0
gpci: 55324F384A5A4B504F4A4E3949545041484B5A52
Coordinates: 0.000000 0.000000 0.000000 0.000000 0 0
State: 0 0.000000 0.000000 0  
Speed: 0 0 0.000000 0.000000 0.000000
Armed weapon: 0 0
Color: 0xAFAFAFAA
Money: 0 0
Score: 0
Skin: 0
Wanted level: 0
Drunk level: 0
Player time: 04:00
Keys: 0x4 0x0 0x0
Camera: 0.000000 0.000000 0.000000 0.000000 0.000000 0.000000
Special action: 0
Weapons: 0 0 0 0 0 0 0 0 0 0 0 0 0 0 0 0 0 0 0 0 0 0 0 0 0 0
Vehicle: None
Vehicle components: None

[White, 0]
Comment: No comment
Date: 15. Octobre 2017
Time: 01:16:54
IP: 127.0.0.1
Ping: 0
gpci: 4B504F4A4E3949545041484B5A523854564B4152
Coordinates: 0.000000 0.000000 0.000000 0.000000 0 0
State: 0 0.000000 0.000000 0  
Speed: 0 0 0.000000 0.000000 0.000000
Armed weapon: 0 0
Color: 0xAFAFAFAA
Money: 0 0
Score: 0
Skin: 0
Wanted level: 0
Drunk level: 0
Player time: 05:00
Keys: 0x5 0x0 0x0
Camera: 0.000000 0.000000 0.000000 0.000000 0.000000 0.000000
Special action: 0
Weapons: 0 0 0 0 0 0 0 0 0 0 0 0 0 0 0 0 0 0 0 0 0 0 0 0 0 0
Vehicle: None
Vehicle components: None

[White, 0]
Comment: No comment
Date: 20. February 2018
Time: 13:01:00
IP: 127.0.0.1
Ping: 0
gpci: A5A8FDFAC4D5CE489CE5CCE58E5F4C998C449E8
Coordinates: 0.000000 0.000000 0.000000 0.000000 0 0
State: 0 0.000000 0.000000 0  
Speed: 0 0 0.000000 0.000000 0.000000
Armed weapon: 0 0
Color: 0xAFAFAFAA
Money: 0 0
Score: 0
Skin: 0
Wanted level: 0
Drunk level: 0
Player time: 13:00
Keys: 0xD 0x0 0x0
Camera: 0.000000 0.000000 0.000000 0.000000 0.000000 0.000000
Special action: 0
Weapons: 0 0 0 0 0 0 0 0 0 0 0 0 0 0 0 0 0 0 0 0 0 0 0 0 0 0
Vehicle: None
Vehicle components: None

[White, 0]
Comment: No comment
Date: 20. February 2018
Time: 13:58:26
IP: 127.0.0.1
Ping: 0
gpci: A5A8FDFAC4D5CE489CE5CCE58E5F4C998C449E8
Coordinates: 1473.008178 -2149.097656 34.366828 110.390609 0 0
State: 1 99.000000 99.000000 1196 PED JUMP_LAND
Speed: 17 17 -0.098838 -0.036739 0.000000
Armed weapon: 0 0
Color: 0xFFFFFF00
Money: 999000328 999000328
Score: 999
Skin: 240
Wanted level: 0
Drunk level: 1799
Player time: 13:00
Keys: 0x8 0xFFFFFF80 0x0
Camera: 1567.428710 -2114.000000 35.261199 -0.934019 -0.347184 -0.084092
Special action: 0
Weapons: 0 0 0 0 0 0 0 0 0 0 0 0 0 0 0 0 0 0 0 0 0 0 0 0 0 0
Vehicle: None
Vehicle components: None

[Bateza_Ae, 0]
Comment: No comment
Date: 9. March 2018
Time: 17:31:05
IP: 192.168.0.142
Ping: 0
gpci: 8904FC94EE844ECEE0CCF9E44DA9CC98ACCEADA9
Coordinates: 0.000000 0.000000 0.000000 0.000000 0 0
State: 0 0.000000 0.000000 0  
Speed: 0 0 0.000000 0.000000 0.000000
Armed weapon: 0 0
Color: 0xAFAFAF00
Money: 0 0
Score: 0
Skin: 0
Wanted level: 0
Drunk level: 0
Player time: 17:00
Keys: 0x11 0x0 0x0
Camera: 0.000000 0.000000 0.000000 0.000000 0.000000 0.000000
Special action: 0
Weapons: 0 0 0 0 0 0 0 0 0 0 0 0 0 0 0 0 0 0 0 0 0 0 0 0 0 0
Vehicle: None
Vehicle components: None

[Bateza, 0]
Comment: No comment
Date: 9. March 2018
Time: 17:42:42
IP: 192.168.0.142
Ping: 0
gpci: 8904FC94EE844ECEE0CCF9E44DA9CC98ACCEADA9
Coordinates: 1940.226928 -1668.845214 13.382812 230.014236 0 0
State: 1 99.000000 0.000000 1189 PED IDLE_STANCE
Speed: 0 0 0.000000 0.000000 0.000000
Armed weapon: 0 0
Color: 0xFFFFFF00
Money: 150000000 150000000
Score: 552
Skin: 59
Wanted level: 0
Drunk level: 1026
Player time: 17:00
Keys: 0x0 0x0 0x0
Camera: 1937.901367 -1666.894653 14.663499 0.747635 -0.627024 -0.218818
Special action: 0
Weapons: 0 0 0 0 0 0 0 0 0 0 0 0 0 0 0 0 0 0 0 0 0 0 0 0 0 0
Vehicle: None
Vehicle components: None

[Bateza, 0]
Comment: No comment
Date: 9. March 2018
Time: 22:50:09
IP: 192.168.0.142
Ping: 0
gpci: 8904FC94EE844ECEE0CCF9E44DA9CC98ACCEADA9
Coordinates: 0.000000 0.000000 0.000000 0.000000 0 0
State: 0 0.000000 0.000000 0  
Speed: 0 0 0.000000 0.000000 0.000000
Armed weapon: 0 0
Color: 0xAFAFAFAA
Money: 0 0
Score: 0
Skin: 0
Wanted level: 0
Drunk level: 0
Player time: 26:00
Keys: 0x1A 0x0 0x0
Camera: 0.000000 0.000000 0.000000 0.000000 0.000000 0.000000
Special action: 0
Weapons: 0 0 0 0 0 0 0 0 0 0 0 0 0 0 0 0 0 0 0 0 0 0 0 0 0 0
Vehicle: None
Vehicle components: None

[Bateza, 0]
Comment: No comment
Date: 9. March 2018
Time: 22:56:03
IP: 192.168.0.142
Ping: 0
gpci: 8904FC94EE844ECEE0CCF9E44DA9CC98ACCEADA9
Coordinates: 1901.796752 -1688.249755 13.297874 143.086700 0 0
State: 1 99.000000 0.000000 1189 PED IDLE_STANCE
Speed: 0 0 0.000000 0.000000 0.000000
Armed weapon: 0 0
Color: 0xFFFFFF00
Money: 150000000 150000000
Score: 552
Skin: 59
Wanted level: 0
Drunk level: 803
Player time: 26:00
Keys: 0x0 0x0 0x0
Camera: 1903.037353 -1688.480224 12.636300 -0.695219 0.129109 0.707106
Special action: 0
Weapons: 0 0 0 0 0 0 0 0 0 0 0 0 0 0 0 0 0 0 0 0 0 0 0 0 0 0
Vehicle: None
Vehicle components: None

